TN:
SF:src/App.tsx
FN:13,(anonymous_0)
FNF:1
FNH:0
FNDA:0,(anonymous_0)
DA:13,0
DA:14,0
LF:2
LH:0
BRF:0
BRH:0
end_of_record
TN:
SF:src/main.tsx
FN:13,(anonymous_0)
FN:19,(anonymous_1)
FNF:2
FNH:0
FNDA:0,(anonymous_0)
FNDA:0,(anonymous_1)
DA:10,0
DA:13,0
DA:14,0
DA:15,0
DA:17,0
DA:20,0
DA:23,0
DA:25,0
LF:8
LH:0
BRDA:14,0,0,0
BRDA:14,0,1,0
BRF:2
BRH:0
end_of_record
TN:
SF:src/agents/sdr/handleInboundEmail.ts
FN:8,handleInboundEmail
FN:91,findLeadByEmailContext
FNF:2
FNH:0
FNDA:0,handleInboundEmail
FNDA:0,findLeadByEmailContext
DA:9,0
DA:10,0
DA:13,0
DA:19,0
DA:20,0
DA:21,0
DA:24,0
DA:27,0
DA:33,0
DA:36,0
DA:49,0
DA:59,0
DA:61,0
DA:67,0
DA:68,0
DA:70,0
DA:73,0
DA:81,0
DA:82,0
DA:92,0
DA:94,0
DA:100,0
DA:102,0
DA:103,0
LF:24
LH:0
BRDA:19,0,0,0
BRDA:19,0,1,0
BRDA:33,1,0,0
BRDA:33,1,1,0
BRDA:67,2,0,0
BRDA:67,2,1,0
BRDA:100,3,0,0
BRDA:100,3,1,0
BRDA:100,4,0,0
BRDA:100,4,1,0
BRDA:100,5,0,0
BRDA:100,5,1,0
BRF:12
BRH:0
end_of_record
TN:
SF:src/agents/sdr/runSdrAutopilot.ts
FN:18,runSdrAutopilot
FN:95,handleToolCalls
FNF:2
FNH:0
FNDA:0,runSdrAutopilot
FNDA:0,handleToolCalls
DA:23,0
DA:25,0
DA:27,0
DA:30,0
DA:31,0
DA:34,0
DA:37,0
DA:46,0
DA:47,0
DA:48,0
DA:52,0
DA:53,0
DA:56,0
DA:62,0
DA:69,0
DA:78,0
DA:85,0
DA:86,0
DA:96,0
DA:98,0
DA:99,0
DA:100,0
DA:102,0
DA:103,0
DA:104,0
DA:107,0
DA:109,0
DA:110,0
DA:113,0
DA:117,0
DA:120,0
DA:121,0
DA:124,0
DA:125,0
DA:128,0
DA:129,0
DA:132,0
DA:133,0
DA:136,0
DA:139,0
DA:146,0
DA:147,0
DA:157,0
LF:43
LH:0
BRDA:46,0,0,0
BRDA:46,0,1,0
BRDA:46,1,0,0
BRDA:46,1,1,0
BRDA:47,2,0,0
BRDA:47,2,1,0
BRDA:52,3,0,0
BRDA:52,3,1,0
BRDA:52,4,0,0
BRDA:52,4,1,0
BRDA:73,5,0,0
BRDA:73,5,1,0
BRDA:73,6,0,0
BRDA:73,6,1,0
BRDA:73,7,0,0
BRDA:73,7,1,0
BRDA:73,8,0,0
BRDA:73,8,1,0
BRDA:103,9,0,0
BRDA:103,9,1,0
BRDA:107,10,0,0
BRDA:107,10,1,0
BRDA:107,10,2,0
BRDA:107,10,3,0
BRDA:107,10,4,0
BRDA:107,10,5,0
BRDA:107,10,6,0
BRDA:109,11,0,0
BRDA:109,11,1,0
BRDA:115,12,0,0
BRDA:115,12,1,0
BRF:31
BRH:0
end_of_record
TN:
SF:src/agents/sdr/sdrAgentDefinition.ts
FN:41,buildSdrMessages
FN:59,getSdrModel
FNF:2
FNH:0
FNDA:0,buildSdrMessages
FNDA:0,getSdrModel
DA:7,0
DA:42,0
DA:60,0
LF:3
LH:0
BRDA:59,0,0,0
BRF:1
BRH:0
end_of_record
TN:
SF:src/agents/sdr/sdrStateHelpers.ts
FN:7,getOrCreateThreadForLead
FN:40,saveAutopilotState
FN:65,getAutopilotState
FNF:3
FNH:0
FNDA:0,getOrCreateThreadForLead
FNDA:0,saveAutopilotState
FNDA:0,getAutopilotState
DA:9,0
DA:16,0
DA:17,0
DA:21,0
DA:24,0
DA:32,0
DA:33,0
DA:36,0
DA:45,0
DA:47,0
DA:59,0
DA:60,0
DA:66,0
DA:73,0
DA:74,0
DA:77,0
LF:16
LH:0
BRDA:16,0,0,0
BRDA:16,0,1,0
BRDA:16,1,0,0
BRDA:16,1,1,0
BRDA:16,2,0,0
BRDA:16,2,1,0
BRDA:32,3,0,0
BRDA:32,3,1,0
BRDA:45,4,0,0
BRDA:59,5,0,0
BRDA:59,5,1,0
BRDA:73,6,0,0
BRDA:73,6,1,0
BRDA:73,7,0,0
BRDA:73,7,1,0
BRDA:77,8,0,0
BRDA:77,8,1,0
BRF:17
BRH:0
end_of_record
TN:
SF:src/agents/sdr/sdrToolImplementations.ts
FN:7,getLeadContextFromSmartCRM
FN:51,sendViaAgentMail
FN:99,createTaskInSmartCRM
FN:132,updateDealStageInSmartCRM
FN:164,scheduleMeetingForLead
FN:190,saveAutopilotStateWrapper
FNF:6
FNH:0
FNDA:0,getLeadContextFromSmartCRM
FNDA:0,sendViaAgentMail
FNDA:0,createTaskInSmartCRM
FNDA:0,updateDealStageInSmartCRM
FNDA:0,scheduleMeetingForLead
FNDA:0,saveAutopilotStateWrapper
DA:8,0
DA:10,0
DA:16,0
DA:19,0
DA:25,0
DA:26,0
DA:29,0
DA:36,0
DA:45,0
DA:46,0
DA:57,0
DA:59,0
DA:65,0
DA:66,0
DA:70,0
DA:76,0
DA:80,0
DA:82,0
DA:84,0
DA:93,0
DA:94,0
DA:104,0
DA:105,0
DA:117,0
DA:119,0
DA:126,0
DA:127,0
DA:137,0
DA:138,0
DA:149,0
DA:151,0
DA:158,0
DA:159,0
DA:168,0
DA:171,0
DA:172,0
DA:174,0
DA:176,0
DA:184,0
DA:185,0
DA:194,0
DA:196,0
DA:198,0
DA:203,0
DA:208,0
DA:209,0
LF:46
LH:0
BRDA:16,0,0,0
BRDA:16,0,1,0
BRDA:37,1,0,0
BRDA:37,1,1,0
BRDA:38,2,0,0
BRDA:38,2,1,0
BRDA:41,3,0,0
BRDA:41,3,1,0
BRDA:65,4,0,0
BRDA:65,4,1,0
BRDA:65,5,0,0
BRDA:65,5,1,0
BRDA:65,6,0,0
BRDA:65,6,1,0
BRDA:76,7,0,0
BRDA:76,7,1,0
BRDA:117,8,0,0
BRDA:117,8,1,0
BRDA:143,9,0,0
BRDA:143,9,1,0
BRDA:149,10,0,0
BRDA:149,10,1,0
BRDA:172,11,0,0
BRDA:172,11,1,0
BRF:24
BRH:0
end_of_record
TN:
SF:src/agents/sdr/sdrTools.ts
FNF:0
FNH:0
DA:4,0
LF:1
LH:0
BRF:0
BRH:0
end_of_record
TN:
SF:src/ai/deal/contextBuilder.ts
FN:14,buildDealContext
FN:44,(anonymous_1)
FN:60,getDealData
FN:83,getContactData
FN:103,getActivities
FN:124,getAnalytics
FN:146,getDealHistory
FN:158,getRiskData
FN:170,getPredictionData
FN:181,getUsageMetrics
FN:202,getMemory
FN:222,getSettings
FN:233,summarizeContext
FNF:13
FNH:0
FNDA:0,buildDealContext
FNDA:0,(anonymous_1)
FNDA:0,getDealData
FNDA:0,getContactData
FNDA:0,getActivities
FNDA:0,getAnalytics
FNDA:0,getDealHistory
FNDA:0,getRiskData
FNDA:0,getPredictionData
FNDA:0,getUsageMetrics
FNDA:0,getMemory
FNDA:0,getSettings
FNDA:0,summarizeContext
DA:9,0
DA:15,0
DA:25,0
DA:35,0
DA:36,0
DA:37,0
DA:38,0
DA:39,0
DA:40,0
DA:43,0
DA:45,0
DA:46,0
DA:50,0
DA:61,0
DA:79,0
DA:80,0
DA:85,0
DA:91,0
DA:93,0
DA:99,0
DA:100,0
DA:105,0
DA:111,0
DA:113,0
DA:120,0
DA:121,0
DA:131,0
DA:138,0
DA:147,0
DA:154,0
DA:155,0
DA:159,0
DA:166,0
DA:167,0
DA:173,0
DA:183,0
DA:189,0
DA:191,0
DA:198,0
DA:199,0
DA:204,0
DA:210,0
DA:212,0
DA:218,0
DA:219,0
DA:223,0
DA:229,0
DA:230,0
DA:234,0
DA:236,0
DA:239,0
DA:240,0
DA:244,0
DA:245,0
DA:246,0
DA:247,0
DA:252,0
DA:253,0
DA:254,0
DA:255,0
DA:259,0
DA:260,0
DA:263,0
LF:63
LH:0
BRDA:35,0,0,0
BRDA:35,0,1,0
BRDA:36,1,0,0
BRDA:36,1,1,0
BRDA:37,2,0,0
BRDA:37,2,1,0
BRDA:38,3,0,0
BRDA:38,3,1,0
BRDA:39,4,0,0
BRDA:39,4,1,0
BRDA:40,5,0,0
BRDA:40,5,1,0
BRDA:45,6,0,0
BRDA:45,6,1,0
BRDA:79,7,0,0
BRDA:79,7,1,0
BRDA:91,8,0,0
BRDA:91,8,1,0
BRDA:91,9,0,0
BRDA:91,9,1,0
BRDA:91,10,0,0
BRDA:91,10,1,0
BRDA:99,11,0,0
BRDA:99,11,1,0
BRDA:111,12,0,0
BRDA:111,12,1,0
BRDA:111,13,0,0
BRDA:111,13,1,0
BRDA:111,14,0,0
BRDA:111,14,1,0
BRDA:120,15,0,0
BRDA:120,15,1,0
BRDA:121,16,0,0
BRDA:121,16,1,0
BRDA:139,17,0,0
BRDA:139,17,1,0
BRDA:140,18,0,0
BRDA:140,18,1,0
BRDA:141,19,0,0
BRDA:141,19,1,0
BRDA:142,20,0,0
BRDA:142,20,1,0
BRDA:154,21,0,0
BRDA:154,21,1,0
BRDA:155,22,0,0
BRDA:155,22,1,0
BRDA:166,23,0,0
BRDA:166,23,1,0
BRDA:167,24,0,0
BRDA:167,24,1,0
BRDA:167,25,0,0
BRDA:167,25,1,0
BRDA:167,26,0,0
BRDA:167,26,1,0
BRDA:189,27,0,0
BRDA:189,27,1,0
BRDA:189,28,0,0
BRDA:189,28,1,0
BRDA:189,29,0,0
BRDA:189,29,1,0
BRDA:198,30,0,0
BRDA:198,30,1,0
BRDA:199,31,0,0
BRDA:199,31,1,0
BRDA:210,32,0,0
BRDA:210,32,1,0
BRDA:210,33,0,0
BRDA:210,33,1,0
BRDA:210,34,0,0
BRDA:210,34,1,0
BRDA:218,35,0,0
BRDA:218,35,1,0
BRDA:219,36,0,0
BRDA:219,36,1,0
BRDA:229,37,0,0
BRDA:229,37,1,0
BRDA:230,38,0,0
BRDA:230,38,1,0
BRDA:239,39,0,0
BRDA:239,39,1,0
BRDA:240,40,0,0
BRDA:240,40,1,0
BRDA:240,41,0,0
BRDA:240,41,1,0
BRDA:240,42,0,0
BRDA:240,42,1,0
BRDA:244,43,0,0
BRDA:244,43,1,0
BRDA:245,44,0,0
BRDA:245,44,1,0
BRDA:245,45,0,0
BRDA:245,45,1,0
BRDA:246,46,0,0
BRDA:246,46,1,0
BRDA:252,47,0,0
BRDA:252,47,1,0
BRDA:252,48,0,0
BRDA:252,48,1,0
BRDA:252,49,0,0
BRDA:252,49,1,0
BRDA:259,50,0,0
BRDA:259,50,1,0
BRDA:259,51,0,0
BRDA:259,51,1,0
BRDA:259,52,0,0
BRDA:259,52,1,0
BRF:106
BRH:0
end_of_record
TN:
SF:src/ai/deal/executeDealAi.ts
FN:17,executeDealAi
FN:95,getTaskHandler
FN:176,handleDealAnalyze
FN:181,handleFavoriteInsights
FN:186,handleShareSummary
FN:191,handleEditHelper
FN:196,handleSDRAgent
FN:204,handleAgentChat
FN:212,handleIntelligence
FN:220,handleAutomation
FN:228,handleEmailGenerate
FN:233,handleDefault
FN:239,callOpenAI
FN:267,buildDealAnalysisPrompt
FN:275,(anonymous_14)
FN:285,buildEmailPrompt
FN:300,calculateCost
FN:310,logUsage
FNF:18
FNH:0
FNDA:0,executeDealAi
FNDA:0,getTaskHandler
FNDA:0,handleDealAnalyze
FNDA:0,handleFavoriteInsights
FNDA:0,handleShareSummary
FNDA:0,handleEditHelper
FNDA:0,handleSDRAgent
FNDA:0,handleAgentChat
FNDA:0,handleIntelligence
FNDA:0,handleAutomation
FNDA:0,handleEmailGenerate
FNDA:0,handleDefault
FNDA:0,callOpenAI
FNDA:0,buildDealAnalysisPrompt
FNDA:0,(anonymous_14)
FNDA:0,buildEmailPrompt
FNDA:0,calculateCost
FNDA:0,logUsage
DA:12,0
DA:18,0
DA:20,0
DA:21,0
DA:24,0
DA:27,0
DA:28,0
DA:30,0
DA:33,0
DA:34,0
DA:35,0
DA:40,0
DA:42,0
DA:43,0
DA:44,0
DA:45,0
DA:46,0
DA:47,0
DA:49,0
DA:50,0
DA:51,0
DA:52,0
DA:54,0
DA:59,0
DA:60,0
DA:62,0
DA:64,0
DA:76,0
DA:79,0
DA:80,0
DA:82,0
DA:96,0
DA:172,0
DA:177,0
DA:178,0
DA:182,0
DA:183,0
DA:187,0
DA:188,0
DA:192,0
DA:193,0
DA:197,0
DA:200,0
DA:201,0
DA:205,0
DA:208,0
DA:209,0
DA:213,0
DA:216,0
DA:217,0
DA:221,0
DA:224,0
DA:225,0
DA:229,0
DA:230,0
DA:234,0
DA:235,0
DA:240,0
DA:241,0
DA:242,0
DA:245,0
DA:259,0
DA:260,0
DA:261,0
DA:264,0
DA:268,0
DA:275,0
DA:286,0
DA:287,0
DA:289,0
DA:301,0
DA:307,0
DA:311,0
DA:312,0
DA:330,0
LF:75
LH:0
BRDA:24,0,0,0
BRDA:24,0,1,0
BRDA:34,1,0,0
BRDA:34,1,1,0
BRDA:49,2,0,0
BRDA:49,2,1,0
BRDA:51,3,0,0
BRDA:51,3,1,0
BRDA:59,4,0,0
BRDA:59,4,1,0
BRDA:59,5,0,0
BRDA:59,5,1,0
BRDA:59,6,0,0
BRDA:59,6,1,0
BRDA:59,7,0,0
BRDA:59,7,1,0
BRDA:59,8,0,0
BRDA:59,8,1,0
BRDA:76,9,0,0
BRDA:76,9,1,0
BRDA:79,10,0,0
BRDA:79,10,1,0
BRDA:172,11,0,0
BRDA:172,11,1,0
BRDA:241,12,0,0
BRDA:241,12,1,0
BRDA:259,13,0,0
BRDA:259,13,1,0
BRDA:261,14,0,0
BRDA:261,14,1,0
BRDA:261,15,0,0
BRDA:261,15,1,0
BRDA:261,16,0,0
BRDA:261,16,1,0
BRDA:270,17,0,0
BRDA:270,17,1,0
BRDA:270,18,0,0
BRDA:270,18,1,0
BRDA:270,19,0,0
BRDA:270,19,1,0
BRDA:271,20,0,0
BRDA:271,20,1,0
BRDA:271,21,0,0
BRDA:271,21,1,0
BRDA:271,22,0,0
BRDA:271,22,1,0
BRDA:272,23,0,0
BRDA:272,23,1,0
BRDA:272,24,0,0
BRDA:272,24,1,0
BRDA:272,25,0,0
BRDA:272,25,1,0
BRDA:273,26,0,0
BRDA:273,26,1,0
BRDA:273,27,0,0
BRDA:273,27,1,0
BRDA:273,28,0,0
BRDA:273,28,1,0
BRDA:273,29,0,0
BRDA:273,29,1,0
BRDA:273,30,0,0
BRDA:273,30,1,0
BRDA:273,31,0,0
BRDA:273,31,1,0
BRDA:275,32,0,0
BRDA:275,32,1,0
BRDA:275,33,0,0
BRDA:275,33,1,0
BRDA:275,34,0,0
BRDA:275,34,1,0
BRDA:286,35,0,0
BRDA:286,35,1,0
BRDA:286,36,0,0
BRDA:286,36,1,0
BRDA:286,37,0,0
BRDA:286,37,1,0
BRDA:287,38,0,0
BRDA:287,38,1,0
BRDA:287,39,0,0
BRDA:287,39,1,0
BRDA:287,40,0,0
BRDA:287,40,1,0
BRDA:291,41,0,0
BRDA:291,41,1,0
BRDA:291,42,0,0
BRDA:291,42,1,0
BRDA:291,43,0,0
BRDA:291,43,1,0
BRDA:292,44,0,0
BRDA:292,44,1,0
BRDA:292,45,0,0
BRDA:292,45,1,0
BRDA:292,46,0,0
BRDA:292,46,1,0
BRDA:292,47,0,0
BRDA:292,47,1,0
BRDA:292,48,0,0
BRDA:292,48,1,0
BRDA:292,49,0,0
BRDA:292,49,1,0
BRDA:293,50,0,0
BRDA:293,50,1,0
BRDA:293,51,0,0
BRDA:293,51,1,0
BRDA:293,52,0,0
BRDA:293,52,1,0
BRDA:297,53,0,0
BRDA:297,53,1,0
BRDA:297,54,0,0
BRDA:297,54,1,0
BRDA:297,55,0,0
BRDA:297,55,1,0
BRDA:307,56,0,0
BRDA:307,56,1,0
BRDA:313,57,0,0
BRDA:313,57,1,0
BRDA:316,58,0,0
BRDA:316,58,1,0
BRDA:316,59,0,0
BRDA:316,59,1,0
BRDA:316,60,0,0
BRDA:316,60,1,0
BRDA:317,61,0,0
BRDA:317,61,1,0
BRDA:317,62,0,0
BRDA:317,62,1,0
BRDA:317,63,0,0
BRDA:317,63,1,0
BRDA:317,64,0,0
BRDA:317,64,1,0
BRDA:317,65,0,0
BRDA:317,65,1,0
BRDA:320,66,0,0
BRDA:320,66,1,0
BRDA:320,67,0,0
BRDA:320,67,1,0
BRDA:321,68,0,0
BRDA:321,68,1,0
BRDA:321,69,0,0
BRDA:321,69,1,0
BRDA:321,70,0,0
BRDA:321,70,1,0
BRDA:330,71,0,0
BRDA:330,71,1,0
BRF:144
BRH:0
end_of_record
TN:
SF:src/ai/deal/modelRouter.ts
FN:72,getOptimalModel
FN:81,getModelCapabilities
FN:116,getFallbackModels
FNF:3
FNH:0
FNDA:0,getOptimalModel
FNDA:0,getModelCapabilities
FNDA:0,getFallbackModels
DA:8,0
DA:73,0
DA:74,0
DA:75,0
DA:78,0
DA:92,0
DA:113,0
DA:117,0
DA:123,0
LF:9
LH:0
BRDA:74,0,0,0
BRDA:74,0,1,0
BRDA:113,1,0,0
BRDA:113,1,1,0
BRDA:123,2,0,0
BRDA:123,2,1,0
BRF:6
BRH:0
end_of_record
TN:
SF:src/components/AIEmailComposer.tsx
FN:13,AIEmailComposer
FN:21,(anonymous_1)
FN:27,(anonymous_2)
FN:82,(anonymous_3)
FN:107,(anonymous_4)
FN:113,(anonymous_5)
FN:116,(anonymous_6)
FN:122,(anonymous_7)
FN:125,(anonymous_8)
FN:175,(anonymous_9)
FN:197,(anonymous_10)
FN:223,(anonymous_11)
FN:232,(anonymous_12)
FN:241,(anonymous_13)
FNF:14
FNH:0
FNDA:0,AIEmailComposer
FNDA:0,(anonymous_1)
FNDA:0,(anonymous_2)
FNDA:0,(anonymous_3)
FNDA:0,(anonymous_4)
FNDA:0,(anonymous_5)
FNDA:0,(anonymous_6)
FNDA:0,(anonymous_7)
FNDA:0,(anonymous_8)
FNDA:0,(anonymous_9)
FNDA:0,(anonymous_10)
FNDA:0,(anonymous_11)
FNDA:0,(anonymous_12)
FNDA:0,(anonymous_13)
DA:14,0
DA:15,0
DA:16,0
DA:17,0
DA:18,0
DA:19,0
DA:21,0
DA:22,0
DA:23,0
DA:27,0
DA:28,0
DA:29,0
DA:31,0
DA:32,0
DA:45,0
DA:46,0
DA:49,0
DA:50,0
DA:51,0
DA:53,0
DA:54,0
DA:55,0
DA:57,0
DA:58,0
DA:60,0
DA:61,0
DA:62,0
DA:63,0
DA:64,0
DA:65,0
DA:66,0
DA:75,0
DA:77,0
DA:78,0
DA:82,0
DA:83,0
DA:85,0
DA:86,0
DA:98,0
DA:99,0
DA:101,0
DA:103,0
DA:107,0
DA:108,0
DA:112,0
DA:113,0
DA:116,0
DA:117,0
DA:121,0
DA:122,0
DA:125,0
DA:126,0
DA:128,0
DA:129,0
DA:137,0
DA:138,0
DA:142,0
DA:144,0
DA:148,0
DA:175,0
DA:197,0
DA:223,0
DA:232,0
DA:241,0
LF:64
LH:0
BRDA:13,0,0,0
BRDA:22,1,0,0
BRDA:22,1,1,0
BRDA:41,2,0,0
BRDA:41,2,1,0
BRDA:41,3,0,0
BRDA:41,3,1,0
BRDA:45,4,0,0
BRDA:45,4,1,0
BRDA:55,5,0,0
BRDA:55,5,1,0
BRDA:61,6,0,0
BRDA:61,6,1,0
BRDA:64,7,0,0
BRDA:64,7,1,0
BRDA:94,8,0,0
BRDA:94,8,1,0
BRDA:94,9,0,0
BRDA:94,9,1,0
BRDA:119,10,0,0
BRDA:119,10,1,0
BRDA:119,11,0,0
BRDA:119,11,1,0
BRDA:126,12,0,0
BRDA:126,12,1,0
BRDA:133,13,0,0
BRDA:133,13,1,0
BRDA:133,14,0,0
BRDA:133,14,1,0
BRDA:137,15,0,0
BRDA:137,15,1,0
BRDA:167,16,0,0
BRDA:167,16,1,0
BRDA:183,17,0,0
BRDA:183,17,1,0
BRDA:203,18,0,0
BRDA:203,18,1,0
BRDA:215,19,0,0
BRDA:215,19,1,0
BRDA:274,20,0,0
BRDA:274,20,1,0
BRF:41
BRH:0
end_of_record
TN:
SF:src/components/AIEnhancedDealCard.tsx
FN:57,(anonymous_0)
FN:85,(anonymous_1)
FN:98,(anonymous_2)
FN:107,(anonymous_3)
FN:116,(anonymous_4)
FN:127,(anonymous_5)
FN:135,(anonymous_6)
FN:140,(anonymous_7)
FN:145,(anonymous_8)
FN:157,(anonymous_9)
FN:178,(anonymous_10)
FN:215,(anonymous_11)
FN:252,(anonymous_12)
FN:263,(anonymous_13)
FN:277,(anonymous_14)
FN:303,(anonymous_15)
FN:310,(anonymous_16)
FN:315,(anonymous_17)
FN:382,(anonymous_18)
FN:457,(anonymous_19)
FN:557,(anonymous_20)
FN:557,(anonymous_21)
FN:558,(anonymous_22)
FN:558,(anonymous_23)
FN:581,(anonymous_24)
FN:591,(anonymous_25)
FN:605,(anonymous_26)
FN:617,(anonymous_27)
FN:668,(anonymous_28)
FNF:29
FNH:0
FNDA:0,(anonymous_0)
FNDA:0,(anonymous_1)
FNDA:0,(anonymous_2)
FNDA:0,(anonymous_3)
FNDA:0,(anonymous_4)
FNDA:0,(anonymous_5)
FNDA:0,(anonymous_6)
FNDA:0,(anonymous_7)
FNDA:0,(anonymous_8)
FNDA:0,(anonymous_9)
FNDA:0,(anonymous_10)
FNDA:0,(anonymous_11)
FNDA:0,(anonymous_12)
FNDA:0,(anonymous_13)
FNDA:0,(anonymous_14)
FNDA:0,(anonymous_15)
FNDA:0,(anonymous_16)
FNDA:0,(anonymous_17)
FNDA:0,(anonymous_18)
FNDA:0,(anonymous_19)
FNDA:0,(anonymous_20)
FNDA:0,(anonymous_21)
FNDA:0,(anonymous_22)
FNDA:0,(anonymous_23)
FNDA:0,(anonymous_24)
FNDA:0,(anonymous_25)
FNDA:0,(anonymous_26)
FNDA:0,(anonymous_27)
FNDA:0,(anonymous_28)
DA:57,0
DA:73,0
DA:74,0
DA:75,0
DA:76,0
DA:77,0
DA:78,0
DA:81,0
DA:85,0
DA:86,0
DA:94,0
DA:95,0
DA:98,0
DA:99,0
DA:100,0
DA:101,0
DA:102,0
DA:103,0
DA:107,0
DA:108,0
DA:109,0
DA:110,0
DA:111,0
DA:112,0
DA:116,0
DA:117,0
DA:118,0
DA:119,0
DA:120,0
DA:121,0
DA:122,0
DA:123,0
DA:127,0
DA:128,0
DA:129,0
DA:130,0
DA:131,0
DA:135,0
DA:136,0
DA:137,0
DA:140,0
DA:141,0
DA:142,0
DA:145,0
DA:146,0
DA:147,0
DA:151,0
DA:152,0
DA:153,0
DA:154,0
DA:157,0
DA:158,0
DA:171,0
DA:175,0
DA:178,0
DA:179,0
DA:180,0
DA:182,0
DA:183,0
DA:185,0
DA:188,0
DA:189,0
DA:191,0
DA:203,0
DA:209,0
DA:211,0
DA:215,0
DA:216,0
DA:217,0
DA:219,0
DA:220,0
DA:222,0
DA:225,0
DA:226,0
DA:228,0
DA:240,0
DA:246,0
DA:248,0
DA:252,0
DA:253,0
DA:254,0
DA:256,0
DA:257,0
DA:259,0
DA:263,0
DA:264,0
DA:265,0
DA:267,0
DA:268,0
DA:269,0
DA:271,0
DA:273,0
DA:277,0
DA:278,0
DA:281,0
DA:282,0
DA:283,0
DA:285,0
DA:297,0
DA:300,0
DA:303,0
DA:304,0
DA:305,0
DA:306,0
DA:310,0
DA:311,0
DA:312,0
DA:315,0
DA:316,0
DA:318,0
DA:320,0
DA:326,0
DA:335,0
DA:339,0
DA:342,0
DA:343,0
DA:348,0
DA:354,0
DA:360,0
DA:367,0
DA:368,0
DA:370,0
DA:383,0
DA:384,0
DA:458,0
DA:557,0
DA:558,0
DA:582,0
DA:583,0
DA:592,0
DA:606,0
DA:607,0
DA:609,0
DA:611,0
DA:617,0
DA:669,0
LF:136
LH:0
BRDA:59,0,0,0
BRDA:62,1,0,0
BRDA:65,2,0,0
BRDA:70,3,0,0
BRDA:82,4,0,0
BRDA:82,4,1,0
BRDA:82,5,0,0
BRDA:82,5,1,0
BRDA:94,6,0,0
BRDA:94,6,1,0
BRDA:95,7,0,0
BRDA:95,7,1,0
BRDA:95,7,2,0
BRDA:99,8,0,0
BRDA:99,8,1,0
BRDA:99,8,2,0
BRDA:99,8,3,0
BRDA:108,9,0,0
BRDA:108,9,1,0
BRDA:108,9,2,0
BRDA:108,9,3,0
BRDA:117,10,0,0
BRDA:117,10,1,0
BRDA:117,10,2,0
BRDA:117,10,3,0
BRDA:117,10,4,0
BRDA:117,10,5,0
BRDA:128,11,0,0
BRDA:128,11,1,0
BRDA:129,12,0,0
BRDA:129,12,1,0
BRDA:130,13,0,0
BRDA:130,13,1,0
BRDA:137,14,0,0
BRDA:137,14,1,0
BRDA:142,15,0,0
BRDA:142,15,1,0
BRDA:146,16,0,0
BRDA:146,16,1,0
BRDA:146,17,0,0
BRDA:146,17,1,0
BRDA:146,17,2,0
BRDA:151,18,0,0
BRDA:151,18,1,0
BRDA:180,19,0,0
BRDA:180,19,1,0
BRDA:180,20,0,0
BRDA:180,20,1,0
BRDA:180,20,2,0
BRDA:217,21,0,0
BRDA:217,21,1,0
BRDA:217,22,0,0
BRDA:217,22,1,0
BRDA:254,23,0,0
BRDA:254,23,1,0
BRDA:265,24,0,0
BRDA:265,24,1,0
BRDA:265,25,0,0
BRDA:265,25,1,0
BRDA:305,26,0,0
BRDA:305,26,1,0
BRDA:331,27,0,0
BRDA:331,27,1,0
BRDA:331,28,0,0
BRDA:331,28,1,0
BRDA:331,29,0,0
BRDA:331,29,1,0
BRDA:339,30,0,0
BRDA:339,30,1,0
BRDA:348,31,0,0
BRDA:348,31,1,0
BRDA:349,32,0,0
BRDA:349,32,1,0
BRDA:350,33,0,0
BRDA:350,33,1,0
BRDA:354,34,0,0
BRDA:354,34,1,0
BRDA:355,35,0,0
BRDA:355,35,1,0
BRDA:355,36,0,0
BRDA:355,36,1,0
BRDA:355,37,0,0
BRDA:355,37,1,0
BRDA:367,38,0,0
BRDA:367,38,1,0
BRDA:377,39,0,0
BRDA:377,39,1,0
BRDA:399,40,0,0
BRDA:399,40,1,0
BRDA:423,41,0,0
BRDA:423,41,1,0
BRDA:430,42,0,0
BRDA:430,42,1,0
BRDA:454,43,0,0
BRDA:454,43,1,0
BRDA:473,44,0,0
BRDA:473,44,1,0
BRDA:490,45,0,0
BRDA:490,45,1,0
BRDA:497,46,0,0
BRDA:497,46,1,0
BRDA:502,47,0,0
BRDA:502,47,1,0
BRDA:510,48,0,0
BRDA:510,48,1,0
BRDA:516,49,0,0
BRDA:516,49,1,0
BRDA:516,49,2,0
BRDA:519,50,0,0
BRDA:519,50,1,0
BRDA:530,51,0,0
BRDA:530,51,1,0
BRDA:532,52,0,0
BRDA:532,52,1,0
BRDA:557,53,0,0
BRDA:557,53,1,0
BRDA:558,54,0,0
BRDA:558,54,1,0
BRDA:573,55,0,0
BRDA:573,55,1,0
BRDA:573,55,2,0
BRDA:587,56,0,0
BRDA:587,56,1,0
BRDA:591,57,0,0
BRDA:591,57,1,0
BRDA:602,58,0,0
BRDA:602,58,1,0
BRDA:602,58,2,0
BRDA:609,59,0,0
BRDA:609,59,1,0
BRDA:630,60,0,0
BRDA:630,60,1,0
BRDA:665,61,0,0
BRDA:665,61,1,0
BRDA:665,61,2,0
BRDA:676,62,0,0
BRDA:676,62,1,0
BRDA:688,63,0,0
BRDA:688,63,1,0
BRDA:689,64,0,0
BRDA:689,64,1,0
BRDA:690,65,0,0
BRDA:690,65,1,0
BRF:143
BRH:0
end_of_record
TN:
SF:src/components/AutopilotPanel.tsx
FN:8,(anonymous_0)
FN:14,(anonymous_1)
FN:69,(anonymous_2)
FNF:3
FNH:0
FNDA:0,(anonymous_0)
FNDA:0,(anonymous_1)
FNDA:0,(anonymous_2)
DA:8,0
DA:9,0
DA:10,0
DA:11,0
DA:12,0
DA:14,0
DA:15,0
DA:16,0
DA:18,0
DA:19,0
DA:20,0
DA:23,0
DA:24,0
DA:25,0
DA:31,0
DA:32,0
DA:33,0
DA:36,0
DA:37,0
DA:39,0
DA:40,0
DA:42,0
DA:46,0
DA:69,0
LF:24
LH:0
BRDA:18,0,0,0
BRDA:18,0,1,0
BRDA:31,1,0,0
BRDA:31,1,1,0
BRDA:33,2,0,0
BRDA:33,2,1,0
BRDA:40,3,0,0
BRDA:40,3,1,0
BRDA:90,4,0,0
BRDA:90,4,1,0
BRDA:94,5,0,0
BRDA:94,5,1,0
BRDA:98,6,0,0
BRDA:98,6,1,0
BRDA:101,7,0,0
BRDA:101,7,1,0
BRDA:116,8,0,0
BRDA:116,8,1,0
BRF:18
BRH:0
end_of_record
TN:
SF:src/components/CalendarAIPanel.tsx
FN:23,(anonymous_0)
FN:31,(anonymous_1)
FN:50,(anonymous_2)
FN:54,(anonymous_3)
FN:74,(anonymous_4)
FN:116,(anonymous_5)
FN:134,(anonymous_6)
FN:194,(anonymous_7)
FNF:8
FNH:0
FNDA:0,(anonymous_0)
FNDA:0,(anonymous_1)
FNDA:0,(anonymous_2)
FNDA:0,(anonymous_3)
FNDA:0,(anonymous_4)
FNDA:0,(anonymous_5)
FNDA:0,(anonymous_6)
FNDA:0,(anonymous_7)
DA:23,0
DA:24,0
DA:25,0
DA:26,0
DA:27,0
DA:28,0
DA:29,0
DA:31,0
DA:32,0
DA:33,0
DA:34,0
DA:35,0
DA:36,0
DA:37,0
DA:38,0
DA:40,0
DA:41,0
DA:43,0
DA:44,0
DA:46,0
DA:50,0
DA:51,0
DA:54,0
DA:55,0
DA:57,0
DA:58,0
DA:59,0
DA:62,0
DA:63,0
DA:64,0
DA:69,0
DA:70,0
DA:71,0
DA:73,0
DA:74,0
DA:75,0
DA:76,0
DA:78,0
DA:79,0
DA:81,0
DA:85,0
DA:116,0
DA:134,0
DA:194,0
LF:44
LH:0
BRDA:36,0,0,0
BRDA:36,0,1,0
BRDA:38,1,0,0
BRDA:38,1,1,0
BRDA:41,2,0,0
BRDA:41,2,1,0
BRDA:44,3,0,0
BRDA:44,3,1,0
BRDA:57,4,0,0
BRDA:57,4,1,0
BRDA:57,5,0,0
BRDA:57,5,1,0
BRDA:69,6,0,0
BRDA:69,6,1,0
BRDA:71,7,0,0
BRDA:71,7,1,0
BRDA:79,8,0,0
BRDA:79,8,1,0
BRDA:154,9,0,0
BRDA:154,9,1,0
BRDA:158,10,0,0
BRDA:158,10,1,0
BRDA:161,11,0,0
BRDA:161,11,1,0
BRDA:189,12,0,0
BRDA:189,12,1,0
BRDA:191,13,0,0
BRDA:191,13,1,0
BRDA:206,14,0,0
BRDA:206,14,1,0
BRDA:206,15,0,0
BRDA:206,15,1,0
BRDA:206,16,0,0
BRDA:206,16,1,0
BRDA:210,17,0,0
BRDA:210,17,1,0
BRDA:210,18,0,0
BRDA:210,18,1,0
BRDA:210,19,0,0
BRDA:210,19,1,0
BRDA:221,20,0,0
BRDA:221,20,1,0
BRF:42
BRH:0
end_of_record
TN:
SF:src/components/ContactsModal.tsx
FN:11,(anonymous_0)
FN:64,(anonymous_1)
FN:67,(anonymous_2)
FNF:3
FNH:0
FNDA:0,(anonymous_0)
FNDA:0,(anonymous_1)
FNDA:0,(anonymous_2)
DA:11,0
DA:17,0
DA:20,0
DA:53,0
DA:65,0
DA:67,0
LF:6
LH:0
BRDA:17,0,0,0
BRDA:17,0,1,0
BRF:2
BRH:0
end_of_record
TN:
SF:src/components/DealAnalytics.tsx
FN:54,(anonymous_0)
FN:58,(anonymous_1)
FN:61,(anonymous_2)
FN:62,(anonymous_3)
FN:64,(anonymous_4)
FN:106,(anonymous_5)
FN:111,(anonymous_6)
FN:112,(anonymous_7)
FN:113,(anonymous_8)
FN:155,(anonymous_9)
FN:157,(anonymous_10)
FN:159,(anonymous_11)
FN:178,(anonymous_12)
FN:187,(anonymous_13)
FN:212,(anonymous_14)
FN:283,(anonymous_15)
FN:295,(anonymous_16)
FN:307,(anonymous_17)
FN:330,(anonymous_18)
FN:333,(anonymous_19)
FN:379,(anonymous_20)
FN:383,(anonymous_21)
FN:396,(anonymous_22)
FN:423,(anonymous_23)
FN:475,(anonymous_24)
FNF:25
FNH:0
FNDA:0,(anonymous_0)
FNDA:0,(anonymous_1)
FNDA:0,(anonymous_2)
FNDA:0,(anonymous_3)
FNDA:0,(anonymous_4)
FNDA:0,(anonymous_5)
FNDA:0,(anonymous_6)
FNDA:0,(anonymous_7)
FNDA:0,(anonymous_8)
FNDA:0,(anonymous_9)
FNDA:0,(anonymous_10)
FNDA:0,(anonymous_11)
FNDA:0,(anonymous_12)
FNDA:0,(anonymous_13)
FNDA:0,(anonymous_14)
FNDA:0,(anonymous_15)
FNDA:0,(anonymous_16)
FNDA:0,(anonymous_17)
FNDA:0,(anonymous_18)
FNDA:0,(anonymous_19)
FNDA:0,(anonymous_20)
FNDA:0,(anonymous_21)
FNDA:0,(anonymous_22)
FNDA:0,(anonymous_23)
FNDA:0,(anonymous_24)
DA:54,0
DA:55,0
DA:58,0
DA:59,0
DA:60,0
DA:61,0
DA:62,0
DA:63,0
DA:64,0
DA:65,0
DA:66,0
DA:67,0
DA:69,0
DA:106,0
DA:107,0
DA:108,0
DA:109,0
DA:111,0
DA:112,0
DA:113,0
DA:114,0
DA:117,0
DA:121,0
DA:155,0
DA:156,0
DA:157,0
DA:159,0
DA:167,0
DA:168,0
DA:171,0
DA:178,0
DA:187,0
DA:188,0
DA:189,0
DA:191,0
DA:194,0
DA:200,0
DA:213,0
DA:283,0
DA:295,0
DA:307,0
DA:330,0
DA:333,0
DA:380,0
DA:383,0
DA:397,0
DA:423,0
DA:475,0
LF:48
LH:0
BRDA:54,0,0,0
BRDA:59,1,0,0
BRDA:59,1,1,0
BRDA:65,2,0,0
BRDA:65,2,1,0
BRDA:66,3,0,0
BRDA:66,3,1,0
BRDA:66,4,0,0
BRDA:66,4,1,0
BRDA:66,5,0,0
BRDA:66,5,1,0
BRDA:67,6,0,0
BRDA:67,6,1,0
BRDA:124,7,0,0
BRDA:124,7,1,0
BRDA:125,8,0,0
BRDA:125,8,1,0
BRDA:130,9,0,0
BRDA:130,9,1,0
BRDA:131,10,0,0
BRDA:131,10,1,0
BRDA:136,11,0,0
BRDA:136,11,1,0
BRDA:137,12,0,0
BRDA:137,12,1,0
BRDA:142,13,0,0
BRDA:142,13,1,0
BRDA:143,14,0,0
BRDA:143,14,1,0
BRDA:148,15,0,0
BRDA:148,15,1,0
BRDA:149,16,0,0
BRDA:149,16,1,0
BRDA:172,17,0,0
BRDA:172,17,1,0
BRDA:172,18,0,0
BRDA:172,18,1,0
BRDA:172,19,0,0
BRDA:172,19,1,0
BRDA:173,20,0,0
BRDA:173,20,1,0
BRDA:174,21,0,0
BRDA:174,21,1,0
BRDA:179,22,0,0
BRDA:179,22,1,0
BRDA:180,23,0,0
BRDA:180,23,1,0
BRDA:181,24,0,0
BRDA:181,24,1,0
BRDA:182,25,0,0
BRDA:182,25,1,0
BRDA:191,26,0,0
BRDA:191,26,1,0
BRDA:213,27,0,0
BRDA:213,27,1,0
BRDA:218,28,0,0
BRDA:218,28,1,0
BRDA:222,29,0,0
BRDA:222,29,1,0
BRDA:285,30,0,0
BRDA:285,30,1,0
BRDA:297,31,0,0
BRDA:297,31,1,0
BRDA:309,32,0,0
BRDA:309,32,1,0
BRDA:334,33,0,0
BRDA:334,33,1,0
BRDA:335,34,0,0
BRDA:335,34,1,0
BRDA:335,35,0,0
BRDA:335,35,1,0
BRDA:475,36,0,0
BRDA:475,36,1,0
BRF:73
BRH:0
end_of_record
TN:
SF:src/components/DealAnalyticsDashboard.tsx
FN:31,(anonymous_0)
FN:42,(anonymous_1)
FN:46,(anonymous_2)
FN:59,(anonymous_3)
FN:73,(anonymous_4)
FN:74,(anonymous_5)
FN:76,(anonymous_6)
FN:77,(anonymous_7)
FN:90,(anonymous_8)
FN:94,(anonymous_9)
FN:147,(anonymous_10)
FN:151,(anonymous_11)
FN:152,(anonymous_12)
FN:173,(anonymous_13)
FN:197,(anonymous_14)
FN:204,(anonymous_15)
FN:204,(anonymous_16)
FN:218,(anonymous_17)
FN:241,(anonymous_18)
FN:297,(anonymous_19)
FN:308,(anonymous_20)
FN:349,(anonymous_21)
FNF:22
FNH:0
FNDA:0,(anonymous_0)
FNDA:0,(anonymous_1)
FNDA:0,(anonymous_2)
FNDA:0,(anonymous_3)
FNDA:0,(anonymous_4)
FNDA:0,(anonymous_5)
FNDA:0,(anonymous_6)
FNDA:0,(anonymous_7)
FNDA:0,(anonymous_8)
FNDA:0,(anonymous_9)
FNDA:0,(anonymous_10)
FNDA:0,(anonymous_11)
FNDA:0,(anonymous_12)
FNDA:0,(anonymous_13)
FNDA:0,(anonymous_14)
FNDA:0,(anonymous_15)
FNDA:0,(anonymous_16)
FNDA:0,(anonymous_17)
FNDA:0,(anonymous_18)
FNDA:0,(anonymous_19)
FNDA:0,(anonymous_20)
FNDA:0,(anonymous_21)
DA:31,0
DA:32,0
DA:33,0
DA:34,0
DA:35,0
DA:36,0
DA:37,0
DA:39,0
DA:40,0
DA:42,0
DA:43,0
DA:46,0
DA:47,0
DA:48,0
DA:49,0
DA:50,0
DA:53,0
DA:55,0
DA:59,0
DA:60,0
DA:62,0
DA:73,0
DA:74,0
DA:75,0
DA:76,0
DA:77,0
DA:79,0
DA:90,0
DA:91,0
DA:92,0
DA:94,0
DA:102,0
DA:104,0
DA:112,0
DA:147,0
DA:148,0
DA:149,0
DA:151,0
DA:152,0
DA:154,0
DA:173,0
DA:191,0
DA:192,0
DA:195,0
DA:197,0
DA:204,0
DA:205,0
DA:206,0
DA:209,0
DA:210,0
DA:211,0
DA:212,0
DA:213,0
DA:214,0
DA:215,0
DA:218,0
DA:219,0
DA:220,0
DA:221,0
DA:222,0
DA:223,0
DA:224,0
DA:225,0
DA:228,0
DA:229,0
DA:233,0
DA:235,0
DA:237,0
DA:241,0
DA:242,0
DA:243,0
DA:254,0
DA:255,0
DA:256,0
DA:257,0
DA:259,0
DA:269,0
DA:282,0
DA:285,0
DA:286,0
DA:297,0
DA:301,0
DA:308,0
DA:350,0
DA:351,0
LF:85
LH:0
BRDA:48,0,0,0
BRDA:48,0,1,0
BRDA:60,1,0,0
BRDA:60,1,1,0
BRDA:63,2,0,0
BRDA:63,2,1,0
BRDA:65,3,0,0
BRDA:65,3,1,0
BRDA:66,4,0,0
BRDA:66,4,1,0
BRDA:67,5,0,0
BRDA:67,5,1,0
BRDA:83,6,0,0
BRDA:83,6,1,0
BRDA:84,7,0,0
BRDA:84,7,1,0
BRDA:92,8,0,0
BRDA:92,8,1,0
BRDA:109,9,0,0
BRDA:109,9,1,0
BRDA:109,10,0,0
BRDA:109,10,1,0
BRDA:116,11,0,0
BRDA:116,11,1,0
BRDA:124,12,0,0
BRDA:124,12,1,0
BRDA:125,13,0,0
BRDA:125,13,1,0
BRDA:140,14,0,0
BRDA:140,14,1,0
BRDA:141,15,0,0
BRDA:141,15,1,0
BRDA:161,16,0,0
BRDA:161,16,1,0
BRDA:161,17,0,0
BRDA:161,17,1,0
BRDA:161,18,0,0
BRDA:161,18,1,0
BRDA:162,19,0,0
BRDA:162,19,1,0
BRDA:162,20,0,0
BRDA:162,20,1,0
BRDA:162,21,0,0
BRDA:162,21,1,0
BRDA:184,22,0,0
BRDA:184,22,1,0
BRDA:200,23,0,0
BRDA:200,23,1,0
BRDA:201,24,0,0
BRDA:201,24,1,0
BRDA:304,25,0,0
BRDA:304,25,1,0
BRDA:357,26,0,0
BRDA:357,26,1,0
BRDA:359,27,0,0
BRDA:359,27,1,0
BRDA:365,28,0,0
BRDA:365,28,1,0
BRDA:385,29,0,0
BRDA:385,29,1,0
BRDA:387,30,0,0
BRDA:387,30,1,0
BRDA:397,31,0,0
BRDA:397,31,1,0
BRDA:399,32,0,0
BRDA:399,32,1,0
BRF:66
BRH:0
end_of_record
TN:
SF:src/components/DealAutomationPanel.tsx
FN:23,(anonymous_0)
FN:72,(anonymous_1)
FN:73,(anonymous_2)
FN:74,(anonymous_3)
FN:86,(anonymous_4)
FN:126,(anonymous_5)
FN:154,(anonymous_6)
FN:182,(anonymous_7)
FN:186,(anonymous_8)
FN:187,(anonymous_9)
FN:188,(anonymous_10)
FN:196,(anonymous_11)
FN:205,(anonymous_12)
FN:221,(anonymous_13)
FN:238,(anonymous_14)
FN:259,(anonymous_15)
FN:270,(anonymous_16)
FN:300,(anonymous_17)
FN:340,(anonymous_18)
FN:347,(anonymous_19)
FN:422,(anonymous_20)
FNF:21
FNH:0
FNDA:0,(anonymous_0)
FNDA:0,(anonymous_1)
FNDA:0,(anonymous_2)
FNDA:0,(anonymous_3)
FNDA:0,(anonymous_4)
FNDA:0,(anonymous_5)
FNDA:0,(anonymous_6)
FNDA:0,(anonymous_7)
FNDA:0,(anonymous_8)
FNDA:0,(anonymous_9)
FNDA:0,(anonymous_10)
FNDA:0,(anonymous_11)
FNDA:0,(anonymous_12)
FNDA:0,(anonymous_13)
FNDA:0,(anonymous_14)
FNDA:0,(anonymous_15)
FNDA:0,(anonymous_16)
FNDA:0,(anonymous_17)
FNDA:0,(anonymous_18)
FNDA:0,(anonymous_19)
FNDA:0,(anonymous_20)
DA:23,0
DA:24,0
DA:66,0
DA:67,0
DA:68,0
DA:70,0
DA:72,0
DA:73,0
DA:74,0
DA:75,0
DA:86,0
DA:87,0
DA:88,0
DA:99,0
DA:100,0
DA:101,0
DA:102,0
DA:105,0
DA:125,0
DA:126,0
DA:127,0
DA:130,0
DA:134,0
DA:135,0
DA:136,0
DA:137,0
DA:139,0
DA:143,0
DA:154,0
DA:155,0
DA:157,0
DA:169,0
DA:170,0
DA:181,0
DA:182,0
DA:186,0
DA:187,0
DA:188,0
DA:189,0
DA:196,0
DA:197,0
DA:198,0
DA:199,0
DA:200,0
DA:201,0
DA:205,0
DA:206,0
DA:207,0
DA:208,0
DA:209,0
DA:210,0
DA:214,0
DA:221,0
DA:238,0
DA:259,0
DA:270,0
DA:301,0
DA:302,0
DA:340,0
DA:347,0
DA:422,0
LF:61
LH:0
BRDA:75,0,0,0
BRDA:75,0,1,0
BRDA:78,1,0,0
BRDA:78,1,1,0
BRDA:79,2,0,0
BRDA:79,2,1,0
BRDA:101,3,0,0
BRDA:101,3,1,0
BRDA:125,4,0,0
BRDA:125,4,1,0
BRDA:127,5,0,0
BRDA:127,5,1,0
BRDA:134,6,0,0
BRDA:134,6,1,0
BRDA:134,7,0,0
BRDA:134,7,1,0
BRDA:134,7,2,0
BRDA:136,8,0,0
BRDA:136,8,1,0
BRDA:136,9,0,0
BRDA:136,9,1,0
BRDA:136,9,2,0
BRDA:145,10,0,0
BRDA:145,10,1,0
BRDA:146,11,0,0
BRDA:146,11,1,0
BRDA:147,12,0,0
BRDA:147,12,1,0
BRDA:148,13,0,0
BRDA:148,13,1,0
BRDA:189,14,0,0
BRDA:189,14,1,0
BRDA:197,15,0,0
BRDA:197,15,1,0
BRDA:197,15,2,0
BRDA:197,15,3,0
BRDA:206,16,0,0
BRDA:206,16,1,0
BRDA:206,16,2,0
BRDA:206,16,3,0
BRDA:217,17,0,0
BRDA:217,17,1,0
BRDA:331,18,0,0
BRDA:331,18,1,0
BRDA:349,19,0,0
BRDA:349,19,1,0
BRDA:353,20,0,0
BRDA:353,20,1,0
BRDA:355,21,0,0
BRDA:355,21,1,0
BRDA:365,22,0,0
BRDA:365,22,1,0
BRDA:369,23,0,0
BRDA:369,23,1,0
BRDA:441,24,0,0
BRDA:441,24,1,0
BRF:56
BRH:0
end_of_record
TN:
SF:src/components/DealCalendarView.tsx
FN:16,(anonymous_0)
FN:24,(anonymous_1)
FN:28,(anonymous_2)
FN:36,(anonymous_3)
FN:42,(anonymous_4)
FN:48,(anonymous_5)
FN:54,(anonymous_6)
FN:55,(anonymous_7)
FN:65,(anonymous_8)
FN:69,(anonymous_9)
FN:73,(anonymous_10)
FN:77,(anonymous_11)
FN:86,(anonymous_12)
FN:112,(anonymous_13)
FN:153,(anonymous_14)
FN:164,(anonymous_15)
FN:175,(anonymous_16)
FN:201,(anonymous_17)
FN:204,(anonymous_18)
FN:268,(anonymous_19)
FN:290,(anonymous_20)
FN:297,(anonymous_21)
FN:312,(anonymous_22)
FN:313,(anonymous_23)
FN:321,(anonymous_24)
FNF:25
FNH:0
FNDA:0,(anonymous_0)
FNDA:0,(anonymous_1)
FNDA:0,(anonymous_2)
FNDA:0,(anonymous_3)
FNDA:0,(anonymous_4)
FNDA:0,(anonymous_5)
FNDA:0,(anonymous_6)
FNDA:0,(anonymous_7)
FNDA:0,(anonymous_8)
FNDA:0,(anonymous_9)
FNDA:0,(anonymous_10)
FNDA:0,(anonymous_11)
FNDA:0,(anonymous_12)
FNDA:0,(anonymous_13)
FNDA:0,(anonymous_14)
FNDA:0,(anonymous_15)
FNDA:0,(anonymous_16)
FNDA:0,(anonymous_17)
FNDA:0,(anonymous_18)
FNDA:0,(anonymous_19)
FNDA:0,(anonymous_20)
FNDA:0,(anonymous_21)
FNDA:0,(anonymous_22)
FNDA:0,(anonymous_23)
FNDA:0,(anonymous_24)
DA:16,0
DA:22,0
DA:24,0
DA:25,0
DA:27,0
DA:28,0
DA:29,0
DA:35,0
DA:36,0
DA:39,0
DA:42,0
DA:43,0
DA:44,0
DA:45,0
DA:48,0
DA:49,0
DA:50,0
DA:51,0
DA:54,0
DA:55,0
DA:56,0
DA:57,0
DA:65,0
DA:66,0
DA:69,0
DA:70,0
DA:73,0
DA:74,0
DA:77,0
DA:78,0
DA:86,0
DA:87,0
DA:94,0
DA:97,0
DA:98,0
DA:99,0
DA:100,0
DA:102,0
DA:104,0
DA:105,0
DA:108,0
DA:109,0
DA:112,0
DA:113,0
DA:114,0
DA:121,0
DA:154,0
DA:165,0
DA:166,0
DA:174,0
DA:175,0
DA:176,0
DA:178,0
DA:202,0
DA:204,0
DA:269,0
DA:270,0
DA:291,0
DA:292,0
DA:297,0
DA:313,0
DA:314,0
DA:315,0
DA:320,0
DA:321,0
DA:323,0
LF:66
LH:0
BRDA:27,0,0,0
BRDA:27,0,1,0
BRDA:29,1,0,0
BRDA:29,1,1,0
BRDA:29,1,2,0
BRDA:35,2,0,0
BRDA:35,2,1,0
BRDA:58,3,0,0
BRDA:58,3,1,0
BRDA:58,3,2,0
BRDA:94,4,0,0
BRDA:94,4,1,0
BRDA:115,5,0,0
BRDA:115,5,1,0
BRDA:115,5,2,0
BRDA:165,6,0,0
BRDA:165,6,1,0
BRDA:182,7,0,0
BRDA:182,7,1,0
BRDA:187,8,0,0
BRDA:187,8,1,0
BRDA:193,9,0,0
BRDA:193,9,1,0
BRDA:216,10,0,0
BRDA:216,10,1,0
BRDA:224,11,0,0
BRDA:224,11,1,0
BRDA:224,11,2,0
BRDA:236,12,0,0
BRDA:236,12,1,0
BRDA:243,13,0,0
BRDA:243,13,1,0
BRDA:271,14,0,0
BRDA:271,14,1,0
BRDA:293,15,0,0
BRDA:293,15,1,0
BRDA:316,16,0,0
BRDA:316,16,1,0
BRDA:320,17,0,0
BRDA:320,17,1,0
BRF:40
BRH:0
end_of_record
TN:
SF:src/components/DealCommunicationHub.tsx
FN:32,(anonymous_0)
FN:85,(anonymous_1)
FN:95,(anonymous_2)
FN:129,(anonymous_3)
FN:156,(anonymous_4)
FN:172,(anonymous_5)
FN:175,(anonymous_6)
FN:213,(anonymous_7)
FN:242,(anonymous_8)
FN:247,(anonymous_9)
FN:254,(anonymous_10)
FN:259,(anonymous_11)
FN:279,(anonymous_12)
FN:282,(anonymous_13)
FN:283,(anonymous_14)
FN:288,(anonymous_15)
FN:345,(anonymous_16)
FN:359,(anonymous_17)
FN:405,(anonymous_18)
FN:410,(anonymous_19)
FN:447,(anonymous_20)
FN:467,(anonymous_21)
FN:492,(anonymous_22)
FN:515,(anonymous_23)
FN:532,(anonymous_24)
FN:554,(anonymous_25)
FN:572,(anonymous_26)
FNF:27
FNH:0
FNDA:0,(anonymous_0)
FNDA:0,(anonymous_1)
FNDA:0,(anonymous_2)
FNDA:0,(anonymous_3)
FNDA:0,(anonymous_4)
FNDA:0,(anonymous_5)
FNDA:0,(anonymous_6)
FNDA:0,(anonymous_7)
FNDA:0,(anonymous_8)
FNDA:0,(anonymous_9)
FNDA:0,(anonymous_10)
FNDA:0,(anonymous_11)
FNDA:0,(anonymous_12)
FNDA:0,(anonymous_13)
FNDA:0,(anonymous_14)
FNDA:0,(anonymous_15)
FNDA:0,(anonymous_16)
FNDA:0,(anonymous_17)
FNDA:0,(anonymous_18)
FNDA:0,(anonymous_19)
FNDA:0,(anonymous_20)
FNDA:0,(anonymous_21)
FNDA:0,(anonymous_22)
FNDA:0,(anonymous_23)
FNDA:0,(anonymous_24)
FNDA:0,(anonymous_25)
FNDA:0,(anonymous_26)
DA:32,0
DA:33,0
DA:34,0
DA:35,0
DA:36,0
DA:37,0
DA:49,0
DA:51,0
DA:52,0
DA:60,0
DA:67,0
DA:75,0
DA:83,0
DA:85,0
DA:86,0
DA:87,0
DA:89,0
DA:90,0
DA:91,0
DA:92,0
DA:95,0
DA:97,0
DA:98,0
DA:99,0
DA:100,0
DA:104,0
DA:114,0
DA:115,0
DA:116,0
DA:119,0
DA:122,0
DA:123,0
DA:126,0
DA:129,0
DA:130,0
DA:131,0
DA:133,0
DA:135,0
DA:136,0
DA:140,0
DA:149,0
DA:150,0
DA:154,0
DA:155,0
DA:156,0
DA:158,0
DA:159,0
DA:165,0
DA:169,0
DA:172,0
DA:173,0
DA:175,0
DA:176,0
DA:187,0
DA:189,0
DA:192,0
DA:193,0
DA:198,0
DA:205,0
DA:208,0
DA:210,0
DA:213,0
DA:218,0
DA:230,0
DA:231,0
DA:242,0
DA:243,0
DA:244,0
DA:245,0
DA:247,0
DA:251,0
DA:254,0
DA:255,0
DA:256,0
DA:259,0
DA:260,0
DA:261,0
DA:263,0
DA:264,0
DA:265,0
DA:266,0
DA:268,0
DA:270,0
DA:271,0
DA:272,0
DA:273,0
DA:275,0
DA:279,0
DA:282,0
DA:283,0
DA:285,0
DA:286,0
DA:288,0
DA:289,0
DA:290,0
DA:294,0
DA:345,0
DA:352,0
DA:359,0
DA:406,0
DA:407,0
DA:410,0
DA:448,0
DA:468,0
DA:493,0
DA:516,0
DA:533,0
DA:554,0
DA:572,0
LF:109
LH:0
BRDA:87,0,0,0
BRDA:87,0,1,0
BRDA:87,1,0,0
BRDA:87,1,1,0
BRDA:90,2,0,0
BRDA:90,2,1,0
BRDA:98,3,0,0
BRDA:98,3,1,0
BRDA:114,4,0,0
BRDA:114,4,1,0
BRDA:122,5,0,0
BRDA:122,5,1,0
BRDA:126,6,0,0
BRDA:126,6,1,0
BRDA:135,7,0,0
BRDA:135,7,1,0
BRDA:135,8,0,0
BRDA:135,8,1,0
BRDA:158,9,0,0
BRDA:158,9,1,0
BRDA:173,10,0,0
BRDA:173,10,1,0
BRDA:208,11,0,0
BRDA:208,11,1,0
BRDA:208,12,0,0
BRDA:208,12,1,0
BRDA:300,13,0,0
BRDA:300,13,1,0
BRDA:300,14,0,0
BRDA:300,14,1,0
BRDA:300,15,0,0
BRDA:300,15,1,0
BRDA:327,16,0,0
BRDA:327,16,1,0
BRDA:327,17,0,0
BRDA:327,17,1,0
BRDA:327,18,0,0
BRDA:327,18,1,0
BRDA:338,19,0,0
BRDA:338,19,1,0
BRDA:338,20,0,0
BRDA:338,20,1,0
BRDA:338,21,0,0
BRDA:338,21,1,0
BRDA:355,22,0,0
BRDA:355,22,1,0
BRDA:374,23,0,0
BRDA:374,23,1,0
BRDA:380,24,0,0
BRDA:380,24,1,0
BRDA:412,25,0,0
BRDA:412,25,1,0
BRDA:419,26,0,0
BRDA:419,26,1,0
BRDA:431,27,0,0
BRDA:431,27,1,0
BRDA:433,28,0,0
BRDA:433,28,1,0
BRDA:438,29,0,0
BRDA:438,29,1,0
BRDA:448,30,0,0
BRDA:448,30,1,0
BRDA:450,31,0,0
BRDA:450,31,1,0
BRDA:465,32,0,0
BRDA:465,32,1,0
BRDA:473,33,0,0
BRDA:473,33,1,0
BRDA:473,34,0,0
BRDA:473,34,1,0
BRDA:473,35,0,0
BRDA:473,35,1,0
BRDA:482,36,0,0
BRDA:482,36,1,0
BRDA:490,37,0,0
BRDA:490,37,1,0
BRDA:513,38,0,0
BRDA:513,38,1,0
BRDA:545,39,0,0
BRDA:545,39,1,0
BRDA:545,39,2,0
BRF:81
BRH:0
end_of_record
TN:
SF:src/components/DealDashboardView.tsx
FN:18,(anonymous_0)
FN:19,(anonymous_1)
FN:21,(anonymous_2)
FN:25,(anonymous_3)
FN:26,(anonymous_4)
FN:27,(anonymous_5)
FN:29,(anonymous_6)
FN:32,(anonymous_7)
FN:36,(anonymous_8)
FN:37,(anonymous_9)
FN:38,(anonymous_10)
FN:41,(anonymous_11)
FN:44,(anonymous_12)
FN:44,(anonymous_13)
FN:45,(anonymous_14)
FN:45,(anonymous_15)
FN:46,(anonymous_16)
FN:46,(anonymous_17)
FN:48,(anonymous_18)
FN:52,(anonymous_19)
FN:54,(anonymous_20)
FN:62,(anonymous_21)
FN:63,(anonymous_22)
FN:68,(anonymous_23)
FN:71,(anonymous_24)
FN:73,(anonymous_25)
FN:94,(anonymous_26)
FN:110,(anonymous_27)
FN:188,(anonymous_28)
FN:197,(anonymous_29)
FN:216,(anonymous_30)
FN:221,(anonymous_31)
FN:261,(anonymous_32)
FN:311,(anonymous_33)
FN:374,(anonymous_34)
FN:375,(anonymous_35)
FNF:36
FNH:0
FNDA:0,(anonymous_0)
FNDA:0,(anonymous_1)
FNDA:0,(anonymous_2)
FNDA:0,(anonymous_3)
FNDA:0,(anonymous_4)
FNDA:0,(anonymous_5)
FNDA:0,(anonymous_6)
FNDA:0,(anonymous_7)
FNDA:0,(anonymous_8)
FNDA:0,(anonymous_9)
FNDA:0,(anonymous_10)
FNDA:0,(anonymous_11)
FNDA:0,(anonymous_12)
FNDA:0,(anonymous_13)
FNDA:0,(anonymous_14)
FNDA:0,(anonymous_15)
FNDA:0,(anonymous_16)
FNDA:0,(anonymous_17)
FNDA:0,(anonymous_18)
FNDA:0,(anonymous_19)
FNDA:0,(anonymous_20)
FNDA:0,(anonymous_21)
FNDA:0,(anonymous_22)
FNDA:0,(anonymous_23)
FNDA:0,(anonymous_24)
FNDA:0,(anonymous_25)
FNDA:0,(anonymous_26)
FNDA:0,(anonymous_27)
FNDA:0,(anonymous_28)
FNDA:0,(anonymous_29)
FNDA:0,(anonymous_30)
FNDA:0,(anonymous_31)
FNDA:0,(anonymous_32)
FNDA:0,(anonymous_33)
FNDA:0,(anonymous_34)
FNDA:0,(anonymous_35)
DA:18,0
DA:19,0
DA:20,0
DA:21,0
DA:22,0
DA:23,0
DA:25,0
DA:26,0
DA:27,0
DA:29,0
DA:30,0
DA:31,0
DA:32,0
DA:35,0
DA:36,0
DA:37,0
DA:38,0
DA:41,0
DA:43,0
DA:44,0
DA:45,0
DA:46,0
DA:48,0
DA:51,0
DA:52,0
DA:53,0
DA:54,0
DA:55,0
DA:56,0
DA:59,0
DA:62,0
DA:63,0
DA:67,0
DA:68,0
DA:71,0
DA:72,0
DA:73,0
DA:76,0
DA:94,0
DA:95,0
DA:110,0
DA:111,0
DA:135,0
DA:188,0
DA:197,0
DA:216,0
DA:222,0
DA:261,0
DA:312,0
DA:374,0
DA:375,0
LF:51
LH:0
BRDA:23,0,0,0
BRDA:23,0,1,0
BRDA:30,1,0,0
BRDA:30,1,1,0
BRDA:31,2,0,0
BRDA:31,2,1,0
BRDA:56,3,0,0
BRDA:56,3,1,0
BRDA:71,4,0,0
BRDA:71,4,1,0
BRDA:72,5,0,0
BRDA:72,5,1,0
BRDA:73,6,0,0
BRDA:73,6,1,0
BRDA:116,7,0,0
BRDA:116,7,1,0
BRDA:119,8,0,0
BRDA:119,8,1,0
BRDA:121,9,0,0
BRDA:121,9,1,0
BRDA:123,10,0,0
BRDA:123,10,1,0
BRDA:310,11,0,0
BRDA:310,11,1,0
BRDA:360,12,0,0
BRDA:360,12,1,0
BRF:26
BRH:0
end_of_record
TN:
SF:src/components/DealDetail.tsx
FN:13,(anonymous_0)
FN:21,(anonymous_1)
FN:26,(anonymous_2)
FN:31,(anonymous_3)
FN:53,(anonymous_4)
FNF:5
FNH:0
FNDA:0,(anonymous_0)
FNDA:0,(anonymous_1)
FNDA:0,(anonymous_2)
FNDA:0,(anonymous_3)
FNDA:0,(anonymous_4)
DA:13,0
DA:15,0
DA:16,0
DA:17,0
DA:20,0
DA:21,0
DA:24,0
DA:26,0
DA:27,0
DA:28,0
DA:31,0
DA:33,0
DA:41,0
DA:43,0
DA:44,0
DA:47,0
DA:55,0
DA:56,0
DA:57,0
LF:19
LH:0
BRDA:20,0,0,0
BRDA:20,0,1,0
BRDA:20,1,0,0
BRDA:20,1,1,0
BRDA:20,2,0,0
BRDA:20,2,1,0
BRDA:21,3,0,0
BRDA:21,3,1,0
BRDA:24,4,0,0
BRDA:24,4,1,0
BRF:10
BRH:0
end_of_record
TN:
SF:src/components/DealJourneyTimeline.tsx
FN:10,(anonymous_0)
FN:60,(anonymous_1)
FN:62,(anonymous_2)
FN:65,(anonymous_3)
FN:66,(anonymous_4)
FN:66,(anonymous_5)
FN:69,(anonymous_6)
FN:70,(anonymous_7)
FN:75,(anonymous_8)
FN:79,(anonymous_9)
FN:87,(anonymous_10)
FN:100,(anonymous_11)
FN:122,(anonymous_12)
FN:130,(anonymous_13)
FN:195,(anonymous_14)
FN:210,(anonymous_15)
FN:222,(anonymous_16)
FN:251,(anonymous_17)
FN:266,(anonymous_18)
FN:282,(anonymous_19)
FN:291,(anonymous_20)
FN:308,(anonymous_21)
FN:335,(anonymous_22)
FN:353,(anonymous_23)
FNF:24
FNH:0
FNDA:0,(anonymous_0)
FNDA:0,(anonymous_1)
FNDA:0,(anonymous_2)
FNDA:0,(anonymous_3)
FNDA:0,(anonymous_4)
FNDA:0,(anonymous_5)
FNDA:0,(anonymous_6)
FNDA:0,(anonymous_7)
FNDA:0,(anonymous_8)
FNDA:0,(anonymous_9)
FNDA:0,(anonymous_10)
FNDA:0,(anonymous_11)
FNDA:0,(anonymous_12)
FNDA:0,(anonymous_13)
FNDA:0,(anonymous_14)
FNDA:0,(anonymous_15)
FNDA:0,(anonymous_16)
FNDA:0,(anonymous_17)
FNDA:0,(anonymous_18)
FNDA:0,(anonymous_19)
FNDA:0,(anonymous_20)
FNDA:0,(anonymous_21)
FNDA:0,(anonymous_22)
FNDA:0,(anonymous_23)
DA:10,0
DA:11,0
DA:51,0
DA:52,0
DA:53,0
DA:54,0
DA:55,0
DA:56,0
DA:57,0
DA:60,0
DA:61,0
DA:62,0
DA:65,0
DA:66,0
DA:69,0
DA:70,0
DA:71,0
DA:74,0
DA:75,0
DA:77,0
DA:79,0
DA:80,0
DA:81,0
DA:82,0
DA:87,0
DA:88,0
DA:90,0
DA:100,0
DA:101,0
DA:102,0
DA:103,0
DA:104,0
DA:107,0
DA:122,0
DA:131,0
DA:132,0
DA:134,0
DA:195,0
DA:210,0
DA:222,0
DA:252,0
DA:253,0
DA:254,0
DA:256,0
DA:266,0
DA:282,0
DA:291,0
DA:308,0
DA:335,0
DA:353,0
LF:50
LH:0
BRDA:37,0,0,0
BRDA:37,0,1,0
BRDA:37,1,0,0
BRDA:37,1,1,0
BRDA:37,1,2,0
BRDA:37,1,3,0
BRDA:43,2,0,0
BRDA:43,2,1,0
BRDA:46,3,0,0
BRDA:46,3,1,0
BRDA:46,4,0,0
BRDA:46,4,1,0
BRDA:46,4,2,0
BRDA:61,5,0,0
BRDA:61,5,1,0
BRDA:88,6,0,0
BRDA:88,6,1,0
BRDA:138,7,0,0
BRDA:138,7,1,0
BRDA:144,8,0,0
BRDA:144,8,1,0
BRDA:146,9,0,0
BRDA:146,9,1,0
BRDA:162,10,0,0
BRDA:162,10,1,0
BRDA:189,11,0,0
BRDA:189,11,1,0
BRDA:249,12,0,0
BRDA:249,12,1,0
BRDA:264,13,0,0
BRDA:264,13,1,0
BRDA:264,13,2,0
BRDA:274,14,0,0
BRDA:274,14,1,0
BRDA:280,15,0,0
BRDA:280,15,1,0
BRDA:282,16,0,0
BRDA:282,16,1,0
BRDA:326,17,0,0
BRDA:326,17,1,0
BRDA:326,17,2,0
BRF:41
BRH:0
end_of_record
TN:
SF:src/components/DealListView.tsx
FN:19,(anonymous_0)
FN:29,(anonymous_1)
FN:33,(anonymous_2)
FN:41,(anonymous_3)
FN:44,(anonymous_4)
FN:81,(anonymous_5)
FN:90,(anonymous_6)
FN:95,(anonymous_7)
FN:104,(anonymous_8)
FN:112,(anonymous_9)
FN:123,(anonymous_10)
FN:134,(anonymous_11)
FN:136,(anonymous_12)
FN:180,(anonymous_13)
FN:183,(anonymous_14)
FN:231,(anonymous_15)
FNF:16
FNH:0
FNDA:0,(anonymous_0)
FNDA:0,(anonymous_1)
FNDA:0,(anonymous_2)
FNDA:0,(anonymous_3)
FNDA:0,(anonymous_4)
FNDA:0,(anonymous_5)
FNDA:0,(anonymous_6)
FNDA:0,(anonymous_7)
FNDA:0,(anonymous_8)
FNDA:0,(anonymous_9)
FNDA:0,(anonymous_10)
FNDA:0,(anonymous_11)
FNDA:0,(anonymous_12)
FNDA:0,(anonymous_13)
FNDA:0,(anonymous_14)
FNDA:0,(anonymous_15)
DA:19,0
DA:26,0
DA:27,0
DA:29,0
DA:30,0
DA:32,0
DA:33,0
DA:34,0
DA:40,0
DA:41,0
DA:44,0
DA:48,0
DA:50,0
DA:51,0
DA:52,0
DA:54,0
DA:55,0
DA:56,0
DA:58,0
DA:59,0
DA:60,0
DA:62,0
DA:63,0
DA:64,0
DA:66,0
DA:67,0
DA:68,0
DA:70,0
DA:73,0
DA:74,0
DA:75,0
DA:78,0
DA:81,0
DA:82,0
DA:83,0
DA:85,0
DA:86,0
DA:90,0
DA:91,0
DA:92,0
DA:95,0
DA:96,0
DA:104,0
DA:105,0
DA:112,0
DA:113,0
DA:120,0
DA:123,0
DA:124,0
DA:131,0
DA:134,0
DA:135,0
DA:136,0
DA:148,0
DA:149,0
DA:164,0
DA:181,0
DA:183,0
DA:231,0
LF:59
LH:0
BRDA:32,0,0,0
BRDA:32,0,1,0
BRDA:34,1,0,0
BRDA:34,1,1,0
BRDA:34,1,2,0
BRDA:40,2,0,0
BRDA:40,2,1,0
BRDA:48,3,0,0
BRDA:48,3,1,0
BRDA:48,3,2,0
BRDA:48,3,3,0
BRDA:48,3,4,0
BRDA:48,3,5,0
BRDA:73,4,0,0
BRDA:73,4,1,0
BRDA:73,5,0,0
BRDA:73,5,1,0
BRDA:74,6,0,0
BRDA:74,6,1,0
BRDA:74,7,0,0
BRDA:74,7,1,0
BRDA:82,8,0,0
BRDA:82,8,1,0
BRDA:83,9,0,0
BRDA:83,9,1,0
BRDA:120,10,0,0
BRDA:120,10,1,0
BRDA:131,11,0,0
BRDA:131,11,1,0
BRDA:140,12,0,0
BRDA:140,12,1,0
BRDA:141,13,0,0
BRDA:141,13,1,0
BRDA:148,14,0,0
BRDA:148,14,1,0
BRDA:156,15,0,0
BRDA:156,15,1,0
BRDA:156,16,0,0
BRDA:156,16,1,0
BRDA:175,17,0,0
BRDA:175,17,1,0
BRDA:193,18,0,0
BRDA:193,18,1,0
BRDA:196,19,0,0
BRDA:196,19,1,0
BRDA:196,19,2,0
BRDA:234,20,0,0
BRDA:234,20,1,0
BRDA:249,21,0,0
BRDA:249,21,1,0
BRDA:251,22,0,0
BRDA:251,22,1,0
BRF:52
BRH:0
end_of_record
TN:
SF:src/components/DealTableView.tsx
FN:19,(anonymous_0)
FN:30,(anonymous_1)
FN:34,(anonymous_2)
FN:42,(anonymous_3)
FN:45,(anonymous_4)
FN:90,(anonymous_5)
FN:99,(anonymous_6)
FN:103,(anonymous_7)
FN:107,(anonymous_8)
FN:117,(anonymous_9)
FN:122,(anonymous_10)
FN:131,(anonymous_11)
FN:139,(anonymous_12)
FN:150,(anonymous_13)
FN:161,(anonymous_14)
FN:163,(anonymous_15)
FN:201,(anonymous_16)
FN:241,(anonymous_17)
FN:244,(anonymous_18)
FN:247,(anonymous_19)
FN:251,(anonymous_20)
FN:255,(anonymous_21)
FN:257,(anonymous_22)
FN:310,(anonymous_23)
FN:313,(anonymous_24)
FN:333,(anonymous_25)
FNF:26
FNH:0
FNDA:0,(anonymous_0)
FNDA:0,(anonymous_1)
FNDA:0,(anonymous_2)
FNDA:0,(anonymous_3)
FNDA:0,(anonymous_4)
FNDA:0,(anonymous_5)
FNDA:0,(anonymous_6)
FNDA:0,(anonymous_7)
FNDA:0,(anonymous_8)
FNDA:0,(anonymous_9)
FNDA:0,(anonymous_10)
FNDA:0,(anonymous_11)
FNDA:0,(anonymous_12)
FNDA:0,(anonymous_13)
FNDA:0,(anonymous_14)
FNDA:0,(anonymous_15)
FNDA:0,(anonymous_16)
FNDA:0,(anonymous_17)
FNDA:0,(anonymous_18)
FNDA:0,(anonymous_19)
FNDA:0,(anonymous_20)
FNDA:0,(anonymous_21)
FNDA:0,(anonymous_22)
FNDA:0,(anonymous_23)
FNDA:0,(anonymous_24)
FNDA:0,(anonymous_25)
DA:19,0
DA:26,0
DA:27,0
DA:28,0
DA:30,0
DA:31,0
DA:33,0
DA:34,0
DA:35,0
DA:41,0
DA:42,0
DA:45,0
DA:49,0
DA:51,0
DA:52,0
DA:53,0
DA:55,0
DA:56,0
DA:57,0
DA:59,0
DA:60,0
DA:61,0
DA:63,0
DA:64,0
DA:65,0
DA:67,0
DA:68,0
DA:69,0
DA:71,0
DA:72,0
DA:73,0
DA:75,0
DA:76,0
DA:77,0
DA:79,0
DA:82,0
DA:83,0
DA:84,0
DA:87,0
DA:90,0
DA:91,0
DA:92,0
DA:94,0
DA:95,0
DA:99,0
DA:100,0
DA:101,0
DA:103,0
DA:107,0
DA:108,0
DA:109,0
DA:110,0
DA:112,0
DA:114,0
DA:117,0
DA:118,0
DA:119,0
DA:122,0
DA:123,0
DA:131,0
DA:132,0
DA:139,0
DA:140,0
DA:147,0
DA:150,0
DA:151,0
DA:158,0
DA:161,0
DA:162,0
DA:163,0
DA:177,0
DA:178,0
DA:193,0
DA:201,0
DA:242,0
DA:244,0
DA:247,0
DA:251,0
DA:255,0
DA:257,0
DA:310,0
DA:313,0
DA:333,0
LF:83
LH:0
BRDA:33,0,0,0
BRDA:33,0,1,0
BRDA:35,1,0,0
BRDA:35,1,1,0
BRDA:35,1,2,0
BRDA:41,2,0,0
BRDA:41,2,1,0
BRDA:49,3,0,0
BRDA:49,3,1,0
BRDA:49,3,2,0
BRDA:49,3,3,0
BRDA:49,3,4,0
BRDA:49,3,5,0
BRDA:49,3,6,0
BRDA:49,3,7,0
BRDA:82,4,0,0
BRDA:82,4,1,0
BRDA:82,5,0,0
BRDA:82,5,1,0
BRDA:83,6,0,0
BRDA:83,6,1,0
BRDA:83,7,0,0
BRDA:83,7,1,0
BRDA:91,8,0,0
BRDA:91,8,1,0
BRDA:92,9,0,0
BRDA:92,9,1,0
BRDA:100,10,0,0
BRDA:100,10,1,0
BRDA:109,11,0,0
BRDA:109,11,1,0
BRDA:147,12,0,0
BRDA:147,12,1,0
BRDA:158,13,0,0
BRDA:158,13,1,0
BRDA:161,14,0,0
BRDA:168,15,0,0
BRDA:168,15,1,0
BRDA:169,16,0,0
BRDA:169,16,1,0
BRDA:177,17,0,0
BRDA:177,17,1,0
BRDA:185,18,0,0
BRDA:185,18,1,0
BRDA:185,19,0,0
BRDA:185,19,1,0
BRDA:195,20,0,0
BRDA:195,20,1,0
BRDA:198,21,0,0
BRDA:198,21,1,0
BRDA:217,22,0,0
BRDA:217,22,1,0
BRDA:260,23,0,0
BRDA:260,23,1,0
BRDA:299,24,0,0
BRDA:299,24,1,0
BRDA:299,25,0,0
BRDA:299,25,1,0
BRDA:330,26,0,0
BRDA:330,26,1,0
BRF:60
BRH:0
end_of_record
TN:
SF:src/components/DealTimelineView.tsx
FN:17,(anonymous_0)
FN:25,(anonymous_1)
FN:29,(anonymous_2)
FN:37,(anonymous_3)
FN:46,(anonymous_4)
FN:48,(anonymous_5)
FN:50,(anonymous_6)
FN:53,(anonymous_7)
FN:56,(anonymous_8)
FN:68,(anonymous_9)
FN:77,(anonymous_10)
FN:85,(anonymous_11)
FN:98,(anonymous_12)
FN:109,(anonymous_13)
FN:145,(anonymous_14)
FN:148,(anonymous_15)
FN:170,(anonymous_16)
FN:187,(anonymous_17)
FN:194,(anonymous_18)
FNF:19
FNH:0
FNDA:0,(anonymous_0)
FNDA:0,(anonymous_1)
FNDA:0,(anonymous_2)
FNDA:0,(anonymous_3)
FNDA:0,(anonymous_4)
FNDA:0,(anonymous_5)
FNDA:0,(anonymous_6)
FNDA:0,(anonymous_7)
FNDA:0,(anonymous_8)
FNDA:0,(anonymous_9)
FNDA:0,(anonymous_10)
FNDA:0,(anonymous_11)
FNDA:0,(anonymous_12)
FNDA:0,(anonymous_13)
FNDA:0,(anonymous_14)
FNDA:0,(anonymous_15)
FNDA:0,(anonymous_16)
FNDA:0,(anonymous_17)
FNDA:0,(anonymous_18)
DA:17,0
DA:23,0
DA:25,0
DA:26,0
DA:28,0
DA:29,0
DA:30,0
DA:36,0
DA:37,0
DA:40,0
DA:41,0
DA:42,0
DA:43,0
DA:45,0
DA:46,0
DA:47,0
DA:48,0
DA:49,0
DA:50,0
DA:53,0
DA:55,0
DA:56,0
DA:57,0
DA:58,0
DA:59,0
DA:60,0
DA:62,0
DA:65,0
DA:68,0
DA:69,0
DA:77,0
DA:78,0
DA:85,0
DA:86,0
DA:88,0
DA:90,0
DA:92,0
DA:94,0
DA:98,0
DA:99,0
DA:106,0
DA:109,0
DA:110,0
DA:117,0
DA:120,0
DA:122,0
DA:123,0
DA:138,0
DA:146,0
DA:148,0
DA:171,0
DA:188,0
DA:194,0
LF:53
LH:0
BRDA:28,0,0,0
BRDA:28,0,1,0
BRDA:30,1,0,0
BRDA:30,1,1,0
BRDA:30,1,2,0
BRDA:36,2,0,0
BRDA:36,2,1,0
BRDA:45,3,0,0
BRDA:45,3,1,0
BRDA:47,4,0,0
BRDA:47,4,1,0
BRDA:49,5,0,0
BRDA:49,5,1,0
BRDA:59,6,0,0
BRDA:59,6,1,0
BRDA:86,7,0,0
BRDA:86,7,1,0
BRDA:86,7,2,0
BRDA:86,7,3,0
BRDA:106,8,0,0
BRDA:106,8,1,0
BRDA:117,9,0,0
BRDA:117,9,1,0
BRDA:122,10,0,0
BRDA:122,10,1,0
BRDA:130,11,0,0
BRDA:130,11,1,0
BRDA:130,12,0,0
BRDA:130,12,1,0
BRDA:130,12,2,0
BRDA:150,13,0,0
BRDA:150,13,1,0
BRDA:162,14,0,0
BRDA:162,14,1,0
BRDA:181,15,0,0
BRDA:181,15,1,0
BRDA:203,16,0,0
BRDA:203,16,1,0
BRDA:206,17,0,0
BRDA:206,17,1,0
BRDA:206,17,2,0
BRDA:255,18,0,0
BRDA:255,18,1,0
BRF:43
BRH:0
end_of_record
TN:
SF:src/components/EmailComposer.tsx
FN:23,(anonymous_0)
FN:45,(anonymous_1)
FN:66,(anonymous_2)
FN:73,(anonymous_3)
FN:106,(anonymous_4)
FN:128,(anonymous_5)
FN:133,(anonymous_6)
FN:138,(anonymous_7)
FN:145,(anonymous_8)
FN:146,(anonymous_9)
FN:146,(anonymous_10)
FN:189,(anonymous_11)
FN:227,(anonymous_12)
FN:238,(anonymous_13)
FN:252,(anonymous_14)
FNF:15
FNH:0
FNDA:0,(anonymous_0)
FNDA:0,(anonymous_1)
FNDA:0,(anonymous_2)
FNDA:0,(anonymous_3)
FNDA:0,(anonymous_4)
FNDA:0,(anonymous_5)
FNDA:0,(anonymous_6)
FNDA:0,(anonymous_7)
FNDA:0,(anonymous_8)
FNDA:0,(anonymous_9)
FNDA:0,(anonymous_10)
FNDA:0,(anonymous_11)
FNDA:0,(anonymous_12)
FNDA:0,(anonymous_13)
FNDA:0,(anonymous_14)
DA:23,0
DA:30,0
DA:31,0
DA:42,0
DA:43,0
DA:45,0
DA:46,0
DA:48,0
DA:49,0
DA:50,0
DA:57,0
DA:58,0
DA:60,0
DA:62,0
DA:66,0
DA:67,0
DA:68,0
DA:70,0
DA:71,0
DA:73,0
DA:75,0
DA:76,0
DA:77,0
DA:78,0
DA:82,0
DA:90,0
DA:91,0
DA:92,0
DA:95,0
DA:98,0
DA:99,0
DA:102,0
DA:105,0
DA:106,0
DA:107,0
DA:108,0
DA:110,0
DA:112,0
DA:113,0
DA:114,0
DA:121,0
DA:122,0
DA:126,0
DA:127,0
DA:128,0
DA:129,0
DA:131,0
DA:133,0
DA:137,0
DA:138,0
DA:142,0
DA:145,0
DA:146,0
DA:149,0
DA:151,0
DA:189,0
DA:227,0
DA:239,0
DA:252,0
LF:59
LH:0
BRDA:31,0,0,0
BRDA:31,0,1,0
BRDA:46,1,0,0
BRDA:46,1,1,0
BRDA:46,2,0,0
BRDA:46,2,1,0
BRDA:54,3,0,0
BRDA:54,3,1,0
BRDA:68,4,0,0
BRDA:68,4,1,0
BRDA:68,5,0,0
BRDA:68,5,1,0
BRDA:76,6,0,0
BRDA:76,6,1,0
BRDA:90,7,0,0
BRDA:90,7,1,0
BRDA:98,8,0,0
BRDA:98,8,1,0
BRDA:102,9,0,0
BRDA:102,9,1,0
BRDA:105,10,0,0
BRDA:105,10,1,0
BRDA:112,11,0,0
BRDA:112,11,1,0
BRDA:112,12,0,0
BRDA:112,12,1,0
BRDA:149,13,0,0
BRDA:149,13,1,0
BRDA:233,14,0,0
BRDA:233,14,1,0
BRDA:247,15,0,0
BRDA:247,15,1,0
BRDA:260,16,0,0
BRDA:260,16,1,0
BRDA:286,17,0,0
BRDA:286,17,1,0
BRF:36
BRH:0
end_of_record
TN:
SF:src/components/ErrorBoundary.tsx
FN:23,(anonymous_0)
FN:82,(anonymous_1)
FN:91,(anonymous_2)
FN:33,(anonymous_3)
FN:42,(anonymous_4)
FN:58,(anonymous_5)
FN:95,(anonymous_6)
FN:172,(anonymous_7)
FN:213,(anonymous_8)
FN:217,(anonymous_9)
FNF:10
FNH:0
FNDA:0,(anonymous_0)
FNDA:0,(anonymous_1)
FNDA:0,(anonymous_2)
FNDA:0,(anonymous_3)
FNDA:0,(anonymous_4)
FNDA:0,(anonymous_5)
FNDA:0,(anonymous_6)
FNDA:0,(anonymous_7)
FNDA:0,(anonymous_8)
FNDA:0,(anonymous_9)
DA:24,0
DA:25,0
DA:35,0
DA:44,0
DA:45,0
DA:48,0
DA:55,0
DA:59,0
DA:60,0
DA:72,0
DA:73,0
DA:82,0
DA:83,0
DA:91,0
DA:92,0
DA:96,0
DA:98,0
DA:99,0
DA:103,0
DA:105,0
DA:106,0
DA:150,0
DA:151,0
DA:172,0
DA:185,0
DA:208,0
DA:213,0
DA:217,0
DA:218,0
DA:223,0
DA:224,0
LF:31
LH:0
BRDA:61,0,0,0
BRDA:61,0,1,0
BRDA:64,1,0,0
BRDA:64,1,1,0
BRDA:96,2,0,0
BRDA:96,2,1,0
BRDA:98,3,0,0
BRDA:98,3,1,0
BRDA:103,4,0,0
BRDA:105,5,0,0
BRDA:105,5,1,0
BRDA:134,6,0,0
BRDA:134,6,1,0
BRDA:134,6,2,0
BRDA:150,7,0,0
BRDA:150,7,1,0
BRDA:215,8,0,0
BRDA:223,9,0,0
BRDA:223,9,1,0
BRF:19
BRH:0
end_of_record
TN:
SF:src/components/HeatmapPanel.tsx
FN:10,(anonymous_0)
FN:16,(anonymous_1)
FN:48,(anonymous_2)
FN:99,(anonymous_3)
FNF:4
FNH:0
FNDA:0,(anonymous_0)
FNDA:0,(anonymous_1)
FNDA:0,(anonymous_2)
FNDA:0,(anonymous_3)
DA:10,0
DA:11,0
DA:12,0
DA:13,0
DA:14,0
DA:16,0
DA:17,0
DA:18,0
DA:20,0
DA:21,0
DA:22,0
DA:25,0
DA:26,0
DA:27,0
DA:33,0
DA:34,0
DA:35,0
DA:38,0
DA:39,0
DA:41,0
DA:42,0
DA:44,0
DA:48,0
DA:49,0
DA:50,0
DA:51,0
DA:52,0
DA:55,0
DA:99,0
LF:29
LH:0
BRDA:20,0,0,0
BRDA:20,0,1,0
BRDA:33,1,0,0
BRDA:33,1,1,0
BRDA:35,2,0,0
BRDA:35,2,1,0
BRDA:42,3,0,0
BRDA:42,3,1,0
BRDA:49,4,0,0
BRDA:49,4,1,0
BRDA:50,5,0,0
BRDA:50,5,1,0
BRDA:51,6,0,0
BRDA:51,6,1,0
BRDA:71,7,0,0
BRDA:71,7,1,0
BRDA:119,8,0,0
BRDA:119,8,1,0
BRDA:123,9,0,0
BRDA:123,9,1,0
BRDA:127,10,0,0
BRDA:127,10,1,0
BRDA:130,11,0,0
BRDA:130,11,1,0
BRDA:174,12,0,0
BRDA:174,12,1,0
BRDA:174,13,0,0
BRDA:174,13,1,0
BRDA:177,14,0,0
BRDA:177,14,1,0
BRDA:221,15,0,0
BRDA:221,15,1,0
BRF:32
BRH:0
end_of_record
TN:
SF:src/components/MemoryPanel.tsx
FN:19,(anonymous_0)
FN:25,(anonymous_1)
FN:53,(anonymous_2)
FN:78,(anonymous_3)
FN:129,(anonymous_4)
FNF:5
FNH:0
FNDA:0,(anonymous_0)
FNDA:0,(anonymous_1)
FNDA:0,(anonymous_2)
FNDA:0,(anonymous_3)
FNDA:0,(anonymous_4)
DA:19,0
DA:20,0
DA:21,0
DA:22,0
DA:23,0
DA:25,0
DA:26,0
DA:27,0
DA:29,0
DA:30,0
DA:31,0
DA:34,0
DA:35,0
DA:36,0
DA:39,0
DA:40,0
DA:41,0
DA:43,0
DA:44,0
DA:46,0
DA:47,0
DA:49,0
DA:53,0
DA:54,0
DA:79,0
DA:106,0
DA:129,0
LF:27
LH:0
BRDA:29,0,0,0
BRDA:29,0,1,0
BRDA:39,1,0,0
BRDA:39,1,1,0
BRDA:41,2,0,0
BRDA:41,2,1,0
BRDA:47,3,0,0
BRDA:47,3,1,0
BRDA:66,4,0,0
BRDA:66,4,1,0
BRDA:87,5,0,0
BRDA:87,5,1,0
BRDA:88,6,0,0
BRDA:88,6,1,0
BRDA:149,7,0,0
BRDA:149,7,1,0
BRDA:153,8,0,0
BRDA:153,8,1,0
BRDA:157,9,0,0
BRDA:157,9,1,0
BRDA:160,10,0,0
BRDA:160,10,1,0
BRDA:175,11,0,0
BRDA:175,11,1,0
BRF:24
BRH:0
end_of_record
TN:
SF:src/components/MoodPanel.tsx
FN:10,(anonymous_0)
FN:16,(anonymous_1)
FN:44,(anonymous_2)
FN:86,(anonymous_3)
FNF:4
FNH:0
FNDA:0,(anonymous_0)
FNDA:0,(anonymous_1)
FNDA:0,(anonymous_2)
FNDA:0,(anonymous_3)
DA:10,0
DA:11,0
DA:12,0
DA:13,0
DA:14,0
DA:16,0
DA:17,0
DA:18,0
DA:20,0
DA:21,0
DA:22,0
DA:25,0
DA:26,0
DA:27,0
DA:30,0
DA:31,0
DA:32,0
DA:34,0
DA:35,0
DA:37,0
DA:38,0
DA:40,0
DA:44,0
DA:45,0
DA:47,0
DA:49,0
DA:51,0
DA:53,0
DA:55,0
DA:57,0
DA:59,0
DA:63,0
DA:86,0
LF:33
LH:0
BRDA:20,0,0,0
BRDA:20,0,1,0
BRDA:30,1,0,0
BRDA:30,1,1,0
BRDA:32,2,0,0
BRDA:32,2,1,0
BRDA:38,3,0,0
BRDA:38,3,1,0
BRDA:45,4,0,0
BRDA:45,4,1,0
BRDA:45,4,2,0
BRDA:45,4,3,0
BRDA:45,4,4,0
BRDA:45,4,5,0
BRDA:45,4,6,0
BRDA:59,5,0,0
BRDA:59,5,1,0
BRDA:106,6,0,0
BRDA:106,6,1,0
BRDA:110,7,0,0
BRDA:110,7,1,0
BRDA:114,8,0,0
BRDA:114,8,1,0
BRDA:117,9,0,0
BRDA:117,9,1,0
BRDA:132,10,0,0
BRDA:132,10,1,0
BRF:27
BRH:0
end_of_record
TN:
SF:src/components/OnboardingWizard.tsx
FN:72,OnboardingWizard
FN:87,(anonymous_1)
FN:88,(anonymous_2)
FN:91,(anonymous_3)
FN:97,(anonymous_4)
FN:103,(anonymous_5)
FN:109,(anonymous_6)
FN:146,(anonymous_7)
FN:149,(anonymous_8)
FN:192,(anonymous_9)
FN:196,(anonymous_10)
FN:208,(anonymous_11)
FN:212,(anonymous_12)
FN:224,(anonymous_13)
FN:228,(anonymous_14)
FN:256,(anonymous_15)
FN:260,(anonymous_16)
FN:272,(anonymous_17)
FN:276,(anonymous_18)
FN:305,(anonymous_19)
FN:310,(anonymous_20)
FN:315,(anonymous_21)
FN:345,(anonymous_22)
FN:364,(anonymous_23)
FN:400,(anonymous_24)
FNF:25
FNH:0
FNDA:0,OnboardingWizard
FNDA:0,(anonymous_1)
FNDA:0,(anonymous_2)
FNDA:0,(anonymous_3)
FNDA:0,(anonymous_4)
FNDA:0,(anonymous_5)
FNDA:0,(anonymous_6)
FNDA:0,(anonymous_7)
FNDA:0,(anonymous_8)
FNDA:0,(anonymous_9)
FNDA:0,(anonymous_10)
FNDA:0,(anonymous_11)
FNDA:0,(anonymous_12)
FNDA:0,(anonymous_13)
FNDA:0,(anonymous_14)
FNDA:0,(anonymous_15)
FNDA:0,(anonymous_16)
FNDA:0,(anonymous_17)
FNDA:0,(anonymous_18)
FNDA:0,(anonymous_19)
FNDA:0,(anonymous_20)
FNDA:0,(anonymous_21)
FNDA:0,(anonymous_22)
FNDA:0,(anonymous_23)
FNDA:0,(anonymous_24)
DA:22,0
DA:49,0
DA:54,0
DA:59,0
DA:64,0
DA:68,0
DA:73,0
DA:74,0
DA:78,0
DA:87,0
DA:88,0
DA:91,0
DA:92,0
DA:93,0
DA:97,0
DA:98,0
DA:99,0
DA:103,0
DA:104,0
DA:105,0
DA:109,0
DA:110,0
DA:112,0
DA:134,0
DA:147,0
DA:149,0
DA:174,0
DA:192,0
DA:197,0
DA:208,0
DA:213,0
DA:224,0
DA:229,0
DA:238,0
DA:256,0
DA:261,0
DA:272,0
DA:277,0
DA:286,0
DA:305,0
DA:311,0
DA:312,0
DA:313,0
DA:315,0
DA:328,0
DA:345,0
DA:355,0
DA:359,0
DA:365,0
LF:49
LH:0
BRDA:92,0,0,0
BRDA:92,0,1,0
BRDA:98,1,0,0
BRDA:98,1,1,0
BRDA:104,2,0,0
BRDA:104,2,1,0
BRDA:104,3,0,0
BRDA:104,3,1,0
BRDA:110,4,0,0
BRDA:110,4,1,0
BRDA:110,4,2,0
BRDA:110,4,3,0
BRDA:110,4,4,0
BRDA:110,4,5,0
BRDA:110,4,6,0
BRDA:151,5,0,0
BRDA:151,5,1,0
BRDA:191,6,0,0
BRDA:191,6,1,0
BRDA:207,7,0,0
BRDA:207,7,1,0
BRDA:223,8,0,0
BRDA:223,8,1,0
BRDA:255,9,0,0
BRDA:255,9,1,0
BRDA:271,10,0,0
BRDA:271,10,1,0
BRDA:309,11,0,0
BRDA:309,11,1,0
BRDA:309,12,0,0
BRDA:309,12,1,0
BRDA:309,13,0,0
BRDA:309,13,1,0
BRDA:311,14,0,0
BRDA:311,14,1,0
BRDA:312,15,0,0
BRDA:312,15,1,0
BRDA:345,16,0,0
BRDA:345,16,1,0
BRDA:345,17,0,0
BRDA:345,17,1,0
BRDA:348,18,0,0
BRDA:348,18,1,0
BRDA:348,19,0,0
BRDA:348,19,1,0
BRDA:367,20,0,0
BRDA:367,20,1,0
BRDA:371,21,0,0
BRDA:371,21,1,0
BRDA:373,22,0,0
BRDA:373,22,1,0
BRDA:375,23,0,0
BRDA:375,23,1,0
BRDA:400,24,0,0
BRDA:400,24,1,0
BRDA:400,25,0,0
BRDA:400,25,1,0
BRDA:401,26,0,0
BRDA:401,26,1,0
BRDA:404,27,0,0
BRDA:404,27,1,0
BRDA:408,28,0,0
BRDA:408,28,1,0
BRF:63
BRH:0
end_of_record
TN:
SF:src/components/Pipeline.tsx
FN:14,(anonymous_0)
FN:14,(anonymous_1)
FN:15,(anonymous_2)
FN:15,(anonymous_3)
FN:16,(anonymous_4)
FN:16,(anonymous_5)
FN:17,(anonymous_6)
FN:17,(anonymous_7)
FN:18,(anonymous_8)
FN:18,(anonymous_9)
FN:35,(anonymous_10)
FN:73,(anonymous_11)
FN:74,(anonymous_12)
FN:104,(anonymous_13)
FN:115,(anonymous_14)
FN:120,(anonymous_15)
FN:142,(anonymous_16)
FN:150,(anonymous_17)
FN:155,(anonymous_18)
FN:160,(anonymous_19)
FN:169,(anonymous_20)
FN:176,(anonymous_21)
FN:178,(anonymous_22)
FN:181,(anonymous_23)
FN:192,(anonymous_24)
FN:215,(anonymous_25)
FN:227,(anonymous_26)
FN:242,(anonymous_27)
FN:256,(anonymous_28)
FN:264,(anonymous_29)
FN:288,(anonymous_30)
FN:299,(anonymous_31)
FN:300,(anonymous_32)
FN:304,(anonymous_33)
FN:314,(anonymous_34)
FN:314,(anonymous_35)
FN:318,(anonymous_36)
FN:318,(anonymous_37)
FN:323,(anonymous_38)
FN:329,(anonymous_39)
FN:357,(anonymous_40)
FN:381,(anonymous_41)
FN:381,(anonymous_42)
FN:385,(anonymous_43)
FN:394,(anonymous_44)
FN:405,(anonymous_45)
FN:409,(anonymous_46)
FN:413,(anonymous_47)
FN:436,(anonymous_48)
FN:438,(anonymous_49)
FN:492,(anonymous_50)
FN:500,(anonymous_51)
FN:515,(anonymous_52)
FN:522,(anonymous_53)
FN:528,(anonymous_54)
FN:544,(anonymous_55)
FN:549,(anonymous_56)
FN:599,(anonymous_57)
FN:610,(anonymous_58)
FN:621,(anonymous_59)
FN:632,(anonymous_60)
FN:643,(anonymous_61)
FN:654,(anonymous_62)
FN:690,(anonymous_63)
FN:700,(anonymous_64)
FN:735,(anonymous_65)
FN:759,(anonymous_66)
FN:805,(anonymous_67)
FN:824,(anonymous_68)
FN:854,(anonymous_69)
FN:857,(anonymous_70)
FN:859,(anonymous_71)
FN:859,(anonymous_72)
FN:861,(anonymous_73)
FN:880,(anonymous_74)
FN:888,(anonymous_75)
FN:890,(anonymous_76)
FN:901,(anonymous_77)
FN:904,(anonymous_78)
FN:907,(anonymous_79)
FN:913,(anonymous_80)
FN:949,(anonymous_81)
FN:970,(anonymous_82)
FNF:83
FNH:0
FNDA:0,(anonymous_0)
FNDA:0,(anonymous_1)
FNDA:0,(anonymous_2)
FNDA:0,(anonymous_3)
FNDA:0,(anonymous_4)
FNDA:0,(anonymous_5)
FNDA:0,(anonymous_6)
FNDA:0,(anonymous_7)
FNDA:0,(anonymous_8)
FNDA:0,(anonymous_9)
FNDA:0,(anonymous_10)
FNDA:0,(anonymous_11)
FNDA:0,(anonymous_12)
FNDA:0,(anonymous_13)
FNDA:0,(anonymous_14)
FNDA:0,(anonymous_15)
FNDA:0,(anonymous_16)
FNDA:0,(anonymous_17)
FNDA:0,(anonymous_18)
FNDA:0,(anonymous_19)
FNDA:0,(anonymous_20)
FNDA:0,(anonymous_21)
FNDA:0,(anonymous_22)
FNDA:0,(anonymous_23)
FNDA:0,(anonymous_24)
FNDA:0,(anonymous_25)
FNDA:0,(anonymous_26)
FNDA:0,(anonymous_27)
FNDA:0,(anonymous_28)
FNDA:0,(anonymous_29)
FNDA:0,(anonymous_30)
FNDA:0,(anonymous_31)
FNDA:0,(anonymous_32)
FNDA:0,(anonymous_33)
FNDA:0,(anonymous_34)
FNDA:0,(anonymous_35)
FNDA:0,(anonymous_36)
FNDA:0,(anonymous_37)
FNDA:0,(anonymous_38)
FNDA:0,(anonymous_39)
FNDA:0,(anonymous_40)
FNDA:0,(anonymous_41)
FNDA:0,(anonymous_42)
FNDA:0,(anonymous_43)
FNDA:0,(anonymous_44)
FNDA:0,(anonymous_45)
FNDA:0,(anonymous_46)
FNDA:0,(anonymous_47)
FNDA:0,(anonymous_48)
FNDA:0,(anonymous_49)
FNDA:0,(anonymous_50)
FNDA:0,(anonymous_51)
FNDA:0,(anonymous_52)
FNDA:0,(anonymous_53)
FNDA:0,(anonymous_54)
FNDA:0,(anonymous_55)
FNDA:0,(anonymous_56)
FNDA:0,(anonymous_57)
FNDA:0,(anonymous_58)
FNDA:0,(anonymous_59)
FNDA:0,(anonymous_60)
FNDA:0,(anonymous_61)
FNDA:0,(anonymous_62)
FNDA:0,(anonymous_63)
FNDA:0,(anonymous_64)
FNDA:0,(anonymous_65)
FNDA:0,(anonymous_66)
FNDA:0,(anonymous_67)
FNDA:0,(anonymous_68)
FNDA:0,(anonymous_69)
FNDA:0,(anonymous_70)
FNDA:0,(anonymous_71)
FNDA:0,(anonymous_72)
FNDA:0,(anonymous_73)
FNDA:0,(anonymous_74)
FNDA:0,(anonymous_75)
FNDA:0,(anonymous_76)
FNDA:0,(anonymous_77)
FNDA:0,(anonymous_78)
FNDA:0,(anonymous_79)
FNDA:0,(anonymous_80)
FNDA:0,(anonymous_81)
FNDA:0,(anonymous_82)
DA:14,0
DA:15,0
DA:16,0
DA:17,0
DA:18,0
DA:35,0
DA:37,0
DA:40,0
DA:41,0
DA:42,0
DA:43,0
DA:44,0
DA:45,0
DA:46,0
DA:47,0
DA:48,0
DA:49,0
DA:50,0
DA:53,0
DA:54,0
DA:55,0
DA:56,0
DA:57,0
DA:58,0
DA:61,0
DA:64,0
DA:67,0
DA:70,0
DA:73,0
DA:74,0
DA:75,0
DA:76,0
DA:77,0
DA:78,0
DA:80,0
DA:81,0
DA:82,0
DA:83,0
DA:84,0
DA:86,0
DA:87,0
DA:88,0
DA:91,0
DA:92,0
DA:93,0
DA:95,0
DA:96,0
DA:100,0
DA:104,0
DA:105,0
DA:106,0
DA:107,0
DA:110,0
DA:112,0
DA:115,0
DA:116,0
DA:118,0
DA:120,0
DA:121,0
DA:123,0
DA:124,0
DA:126,0
DA:127,0
DA:129,0
DA:130,0
DA:131,0
DA:132,0
DA:134,0
DA:135,0
DA:140,0
DA:142,0
DA:143,0
DA:144,0
DA:150,0
DA:151,0
DA:155,0
DA:156,0
DA:159,0
DA:160,0
DA:161,0
DA:168,0
DA:169,0
DA:172,0
DA:176,0
DA:177,0
DA:178,0
DA:179,0
DA:180,0
DA:181,0
DA:182,0
DA:184,0
DA:192,0
DA:193,0
DA:195,0
DA:197,0
DA:201,0
DA:204,0
DA:205,0
DA:208,0
DA:215,0
DA:221,0
DA:223,0
DA:224,0
DA:225,0
DA:227,0
DA:236,0
DA:237,0
DA:239,0
DA:240,0
DA:242,0
DA:256,0
DA:257,0
DA:259,0
DA:260,0
DA:264,0
DA:270,0
DA:272,0
DA:273,0
DA:274,0
DA:278,0
DA:279,0
DA:280,0
DA:283,0
DA:284,0
DA:288,0
DA:289,0
DA:290,0
DA:293,0
DA:296,0
DA:299,0
DA:300,0
DA:302,0
DA:304,0
DA:307,0
DA:314,0
DA:315,0
DA:317,0
DA:318,0
DA:319,0
DA:323,0
DA:324,0
DA:325,0
DA:326,0
DA:329,0
DA:331,0
DA:332,0
DA:340,0
DA:355,0
DA:357,0
DA:367,0
DA:368,0
DA:369,0
DA:377,0
DA:379,0
DA:381,0
DA:385,0
DA:386,0
DA:394,0
DA:395,0
DA:402,0
DA:405,0
DA:406,0
DA:409,0
DA:410,0
DA:413,0
DA:414,0
DA:416,0
DA:417,0
DA:419,0
DA:426,0
DA:427,0
DA:429,0
DA:431,0
DA:436,0
DA:438,0
DA:440,0
DA:441,0
DA:442,0
DA:445,0
DA:446,0
DA:447,0
DA:449,0
DA:450,0
DA:452,0
DA:453,0
DA:454,0
DA:456,0
DA:458,0
DA:475,0
DA:478,0
DA:485,0
DA:487,0
DA:488,0
DA:492,0
DA:495,0
DA:496,0
DA:497,0
DA:500,0
DA:501,0
DA:502,0
DA:503,0
DA:506,0
DA:507,0
DA:509,0
DA:511,0
DA:515,0
DA:516,0
DA:517,0
DA:519,0
DA:522,0
DA:528,0
DA:537,0
DA:544,0
DA:549,0
DA:558,0
DA:560,0
DA:564,0
DA:599,0
DA:610,0
DA:621,0
DA:632,0
DA:643,0
DA:654,0
DA:690,0
DA:700,0
DA:735,0
DA:759,0
DA:805,0
DA:825,0
DA:833,0
DA:835,0
DA:838,0
DA:841,0
DA:844,0
DA:847,0
DA:851,0
DA:855,0
DA:856,0
DA:857,0
DA:859,0
DA:861,0
DA:863,0
DA:881,0
DA:889,0
DA:891,0
DA:901,0
DA:905,0
DA:909,0
DA:910,0
DA:911,0
DA:915,0
DA:949,0
DA:970,0
LF:253
LH:0
BRDA:81,0,0,0
BRDA:81,0,1,0
BRDA:83,1,0,0
BRDA:83,1,1,0
BRDA:84,2,0,0
BRDA:84,2,1,0
BRDA:86,3,0,0
BRDA:86,3,1,0
BRDA:105,4,0,0
BRDA:105,4,1,0
BRDA:118,5,0,0
BRDA:118,5,1,0
BRDA:118,6,0,0
BRDA:118,6,1,0
BRDA:118,7,0,0
BRDA:118,7,1,0
BRDA:118,8,0,0
BRDA:118,8,1,0
BRDA:118,9,0,0
BRDA:118,9,1,0
BRDA:121,10,0,0
BRDA:121,10,1,0
BRDA:121,10,2,0
BRDA:121,10,3,0
BRDA:159,11,0,0
BRDA:159,11,1,0
BRDA:161,12,0,0
BRDA:161,12,1,0
BRDA:161,12,2,0
BRDA:168,13,0,0
BRDA:168,13,1,0
BRDA:180,14,0,0
BRDA:180,14,1,0
BRDA:182,15,0,0
BRDA:182,15,1,0
BRDA:195,16,0,0
BRDA:195,16,1,0
BRDA:197,17,0,0
BRDA:197,17,1,0
BRDA:198,18,0,0
BRDA:198,18,1,0
BRDA:221,19,0,0
BRDA:221,19,1,0
BRDA:259,20,0,0
BRDA:259,20,1,0
BRDA:272,21,0,0
BRDA:272,21,1,0
BRDA:272,22,0,0
BRDA:272,22,1,0
BRDA:272,23,0,0
BRDA:272,23,1,0
BRDA:272,24,0,0
BRDA:272,24,1,0
BRDA:274,25,0,0
BRDA:274,25,1,0
BRDA:274,26,0,0
BRDA:274,26,1,0
BRDA:278,27,0,0
BRDA:278,27,1,0
BRDA:278,28,0,0
BRDA:278,28,1,0
BRDA:278,28,2,0
BRDA:278,29,0,0
BRDA:278,29,1,0
BRDA:278,30,0,0
BRDA:278,30,1,0
BRDA:278,31,0,0
BRDA:278,31,1,0
BRDA:278,32,0,0
BRDA:278,32,1,0
BRDA:290,33,0,0
BRDA:290,33,1,0
BRDA:309,34,0,0
BRDA:309,34,1,0
BRDA:324,35,0,0
BRDA:324,35,1,0
BRDA:355,36,0,0
BRDA:355,36,1,0
BRDA:355,37,0,0
BRDA:355,37,1,0
BRDA:367,38,0,0
BRDA:367,38,1,0
BRDA:367,39,0,0
BRDA:367,39,1,0
BRDA:370,40,0,0
BRDA:370,40,1,0
BRDA:402,41,0,0
BRDA:402,41,1,0
BRDA:438,42,0,0
BRDA:438,42,1,0
BRDA:440,43,0,0
BRDA:440,43,1,0
BRDA:460,44,0,0
BRDA:460,44,1,0
BRDA:461,45,0,0
BRDA:461,45,1,0
BRDA:462,46,0,0
BRDA:462,46,1,0
BRDA:463,47,0,0
BRDA:463,47,1,0
BRDA:463,48,0,0
BRDA:463,48,1,0
BRDA:463,49,0,0
BRDA:463,49,1,0
BRDA:466,50,0,0
BRDA:466,50,1,0
BRDA:466,51,0,0
BRDA:466,51,1,0
BRDA:466,52,0,0
BRDA:466,52,1,0
BRDA:468,53,0,0
BRDA:468,53,1,0
BRDA:468,54,0,0
BRDA:468,54,1,0
BRDA:469,55,0,0
BRDA:469,55,1,0
BRDA:480,56,0,0
BRDA:480,56,1,0
BRDA:481,57,0,0
BRDA:481,57,1,0
BRDA:482,58,0,0
BRDA:482,58,1,0
BRDA:502,59,0,0
BRDA:502,59,1,0
BRDA:517,60,0,0
BRDA:517,60,1,0
BRDA:576,61,0,0
BRDA:576,61,1,0
BRDA:581,62,0,0
BRDA:581,62,1,0
BRDA:583,63,0,0
BRDA:583,63,1,0
BRDA:585,64,0,0
BRDA:585,64,1,0
BRDA:601,65,0,0
BRDA:601,65,1,0
BRDA:612,66,0,0
BRDA:612,66,1,0
BRDA:623,67,0,0
BRDA:623,67,1,0
BRDA:634,68,0,0
BRDA:634,68,1,0
BRDA:645,69,0,0
BRDA:645,69,1,0
BRDA:656,70,0,0
BRDA:656,70,1,0
BRDA:669,71,0,0
BRDA:669,71,1,0
BRDA:679,72,0,0
BRDA:679,72,1,0
BRDA:775,73,0,0
BRDA:775,73,1,0
BRDA:775,73,2,0
BRDA:775,73,3,0
BRDA:777,74,0,0
BRDA:777,74,1,0
BRDA:796,75,0,0
BRDA:796,75,1,0
BRDA:833,76,0,0
BRDA:833,76,1,0
BRDA:833,76,2,0
BRDA:833,76,3,0
BRDA:833,76,4,0
BRDA:833,76,5,0
BRDA:833,76,6,0
BRDA:885,77,0,0
BRDA:885,77,1,0
BRDA:896,78,0,0
BRDA:896,78,1,0
BRDA:946,79,0,0
BRDA:946,79,1,0
BRDA:954,80,0,0
BRDA:954,80,1,0
BRF:173
BRH:0
end_of_record
TN:
SF:src/components/PipelineStats.tsx
FN:12,(anonymous_0)
FN:18,(anonymous_1)
FN:68,(anonymous_2)
FNF:3
FNH:0
FNDA:0,(anonymous_0)
FNDA:0,(anonymous_1)
FNDA:0,(anonymous_2)
DA:12,0
DA:18,0
DA:19,0
DA:27,0
DA:66,0
DA:69,0
LF:6
LH:0
BRDA:13,0,0,0
BRDA:14,1,0,0
BRDA:15,2,0,0
BRDA:16,3,0,0
BRDA:78,4,0,0
BRDA:78,4,1,0
BRF:6
BRH:0
end_of_record
TN:
SF:src/components/PlaybooksPanel.tsx
FN:13,(anonymous_0)
FN:20,(anonymous_1)
FN:55,(anonymous_2)
FN:79,(anonymous_3)
FN:154,(anonymous_4)
FN:179,(anonymous_5)
FNF:6
FNH:0
FNDA:0,(anonymous_0)
FNDA:0,(anonymous_1)
FNDA:0,(anonymous_2)
FNDA:0,(anonymous_3)
FNDA:0,(anonymous_4)
FNDA:0,(anonymous_5)
DA:13,0
DA:14,0
DA:15,0
DA:16,0
DA:17,0
DA:18,0
DA:20,0
DA:21,0
DA:22,0
DA:24,0
DA:25,0
DA:26,0
DA:29,0
DA:30,0
DA:31,0
DA:40,0
DA:41,0
DA:42,0
DA:45,0
DA:46,0
DA:48,0
DA:49,0
DA:51,0
DA:55,0
DA:56,0
DA:57,0
DA:80,0
DA:101,0
DA:154,0
DA:179,0
LF:30
LH:0
BRDA:24,0,0,0
BRDA:24,0,1,0
BRDA:24,1,0,0
BRDA:24,1,1,0
BRDA:35,2,0,0
BRDA:35,2,1,0
BRDA:36,3,0,0
BRDA:36,3,1,0
BRDA:40,4,0,0
BRDA:40,4,1,0
BRDA:42,5,0,0
BRDA:42,5,1,0
BRDA:49,6,0,0
BRDA:49,6,1,0
BRDA:56,7,0,0
BRDA:56,7,1,0
BRDA:56,8,0,0
BRDA:56,8,1,0
BRDA:81,9,0,0
BRDA:81,9,1,0
BRDA:117,10,0,0
BRDA:117,10,1,0
BRDA:200,11,0,0
BRDA:200,11,1,0
BRDA:204,12,0,0
BRDA:204,12,1,0
BRDA:207,13,0,0
BRDA:207,13,1,0
BRDA:223,14,0,0
BRDA:223,14,1,0
BRDA:229,15,0,0
BRDA:229,15,1,0
BRF:32
BRH:0
end_of_record
TN:
SF:src/components/SDRAgentSelector.tsx
FN:79,SDRAgentSelector
FN:90,(anonymous_1)
FN:92,(anonymous_2)
FN:99,(anonymous_3)
FN:101,(anonymous_4)
FN:103,(anonymous_5)
FN:152,(anonymous_6)
FN:155,(anonymous_7)
FN:170,(anonymous_8)
FN:173,(anonymous_9)
FNF:10
FNH:0
FNDA:0,SDRAgentSelector
FNDA:0,(anonymous_1)
FNDA:0,(anonymous_2)
FNDA:0,(anonymous_3)
FNDA:0,(anonymous_4)
FNDA:0,(anonymous_5)
FNDA:0,(anonymous_6)
FNDA:0,(anonymous_7)
FNDA:0,(anonymous_8)
FNDA:0,(anonymous_9)
DA:13,0
DA:85,0
DA:86,0
DA:87,0
DA:88,0
DA:90,0
DA:91,0
DA:92,0
DA:93,0
DA:97,0
DA:99,0
DA:101,0
DA:103,0
DA:104,0
DA:105,0
DA:107,0
DA:109,0
DA:110,0
DA:114,0
DA:122,0
DA:123,0
DA:124,0
DA:125,0
DA:128,0
DA:131,0
DA:133,0
DA:137,0
DA:153,0
DA:155,0
DA:171,0
DA:173,0
LF:31
LH:0
BRDA:91,0,0,0
BRDA:91,0,1,0
BRDA:93,1,0,0
BRDA:93,1,1,0
BRDA:97,2,0,0
BRDA:97,2,1,0
BRDA:109,3,0,0
BRDA:109,3,1,0
BRDA:110,4,0,0
BRDA:110,4,1,0
BRDA:122,5,0,0
BRDA:122,5,1,0
BRDA:124,6,0,0
BRDA:124,6,1,0
BRDA:145,7,0,0
BRDA:145,7,1,0
BRDA:157,8,0,0
BRDA:157,8,1,0
BRDA:162,9,0,0
BRDA:162,9,1,0
BRDA:175,10,0,0
BRDA:175,10,1,0
BRDA:175,11,0,0
BRDA:175,11,1,0
BRDA:175,12,0,0
BRDA:175,12,1,0
BRDA:178,13,0,0
BRDA:178,13,1,0
BRDA:201,14,0,0
BRDA:201,14,1,0
BRDA:210,15,0,0
BRDA:210,15,1,0
BRDA:217,16,0,0
BRDA:217,16,1,0
BRF:34
BRH:0
end_of_record
TN:
SF:src/components/SDRAgentsPanel.tsx
FN:108,(anonymous_0)
FN:119,(anonymous_1)
FN:121,(anonymous_2)
FN:122,(anonymous_3)
FN:135,(anonymous_4)
FN:142,(anonymous_5)
FN:255,(anonymous_6)
FN:275,(anonymous_7)
FN:375,(anonymous_8)
FN:390,SDRAgentsPanelCards
FN:395,(anonymous_10)
FN:412,(anonymous_11)
FN:437,(anonymous_12)
FNF:13
FNH:0
FNDA:0,(anonymous_0)
FNDA:0,(anonymous_1)
FNDA:0,(anonymous_2)
FNDA:0,(anonymous_3)
FNDA:0,(anonymous_4)
FNDA:0,(anonymous_5)
FNDA:0,(anonymous_6)
FNDA:0,(anonymous_7)
FNDA:0,(anonymous_8)
FNDA:0,SDRAgentsPanelCards
FNDA:0,(anonymous_10)
FNDA:0,(anonymous_11)
FNDA:0,(anonymous_12)
DA:21,0
DA:108,0
DA:109,0
DA:112,0
DA:113,0
DA:114,0
DA:115,0
DA:116,0
DA:117,0
DA:119,0
DA:121,0
DA:122,0
DA:123,0
DA:126,0
DA:128,0
DA:135,0
DA:136,0
DA:138,0
DA:139,0
DA:142,0
DA:143,0
DA:144,0
DA:146,0
DA:147,0
DA:148,0
DA:151,0
DA:152,0
DA:153,0
DA:163,0
DA:164,0
DA:165,0
DA:168,0
DA:169,0
DA:171,0
DA:172,0
DA:174,0
DA:178,0
DA:255,0
DA:275,0
DA:375,0
DA:391,0
DA:393,0
DA:396,0
DA:397,0
DA:413,0
DA:414,0
DA:437,0
LF:47
LH:0
BRDA:110,0,0,0
BRDA:110,0,1,0
BRDA:110,1,0,0
BRDA:110,1,1,0
BRDA:110,2,0,0
BRDA:110,2,1,0
BRDA:110,3,0,0
BRDA:110,3,1,0
BRDA:119,4,0,0
BRDA:119,4,1,0
BRDA:123,5,0,0
BRDA:123,5,1,0
BRDA:131,6,0,0
BRDA:131,6,1,0
BRDA:136,7,0,0
BRDA:136,7,1,0
BRDA:146,8,0,0
BRDA:146,8,1,0
BRDA:159,9,0,0
BRDA:159,9,1,0
BRDA:163,10,0,0
BRDA:163,10,1,0
BRDA:165,11,0,0
BRDA:165,11,1,0
BRDA:172,12,0,0
BRDA:172,12,1,0
BRDA:241,13,0,0
BRDA:241,13,1,0
BRDA:241,14,0,0
BRDA:241,14,1,0
BRDA:244,15,0,0
BRDA:244,15,1,0
BRDA:244,16,0,0
BRDA:244,16,1,0
BRDA:297,17,0,0
BRDA:297,17,1,0
BRDA:301,18,0,0
BRDA:301,18,1,0
BRDA:304,19,0,0
BRDA:304,19,1,0
BRDA:307,20,0,0
BRDA:307,20,1,0
BRDA:345,21,0,0
BRDA:345,21,1,0
BRDA:369,22,0,0
BRDA:369,22,1,0
BRDA:405,23,0,0
BRDA:405,23,1,0
BRDA:406,24,0,0
BRDA:406,24,1,0
BRDA:407,25,0,0
BRDA:407,25,1,0
BRF:52
BRH:0
end_of_record
TN:
SF:src/components/SEOHead.tsx
FN:17,SEOHead
FNF:1
FNH:0
FNDA:0,SEOHead
DA:8,0
DA:18,0
DA:20,0
LF:3
LH:0
BRDA:17,0,0,0
BRDA:24,1,0,0
BRDA:24,1,1,0
BRDA:25,2,0,0
BRDA:25,2,1,0
BRDA:29,3,0,0
BRDA:29,3,1,0
BRDA:30,4,0,0
BRDA:30,4,1,0
BRDA:31,5,0,0
BRDA:31,5,1,0
BRDA:35,6,0,0
BRDA:35,6,1,0
BRDA:37,7,0,0
BRDA:37,7,1,0
BRDA:39,8,0,0
BRDA:39,8,1,0
BRDA:42,9,0,0
BRDA:42,9,1,0
BRF:19
BRH:0
end_of_record
TN:
SF:src/components/SkillsPanel.tsx
FN:18,(anonymous_0)
FN:27,(anonymous_1)
FN:49,(anonymous_2)
FN:53,(anonymous_3)
FN:118,(anonymous_4)
FN:128,(anonymous_5)
FN:144,(anonymous_6)
FNF:7
FNH:0
FNDA:0,(anonymous_0)
FNDA:0,(anonymous_1)
FNDA:0,(anonymous_2)
FNDA:0,(anonymous_3)
FNDA:0,(anonymous_4)
FNDA:0,(anonymous_5)
FNDA:0,(anonymous_6)
DA:18,0
DA:19,0
DA:20,0
DA:21,0
DA:22,0
DA:23,0
DA:24,0
DA:25,0
DA:27,0
DA:28,0
DA:29,0
DA:30,0
DA:31,0
DA:32,0
DA:33,0
DA:34,0
DA:36,0
DA:37,0
DA:38,0
DA:39,0
DA:42,0
DA:43,0
DA:45,0
DA:49,0
DA:50,0
DA:53,0
DA:54,0
DA:55,0
DA:57,0
DA:58,0
DA:59,0
DA:61,0
DA:62,0
DA:63,0
DA:66,0
DA:67,0
DA:68,0
DA:74,0
DA:75,0
DA:76,0
DA:79,0
DA:80,0
DA:82,0
DA:83,0
DA:85,0
DA:89,0
DA:118,0
DA:129,0
DA:144,0
LF:49
LH:0
BRDA:32,0,0,0
BRDA:32,0,1,0
BRDA:34,1,0,0
BRDA:34,1,1,0
BRDA:37,2,0,0
BRDA:37,2,1,0
BRDA:38,3,0,0
BRDA:38,3,1,0
BRDA:38,4,0,0
BRDA:38,4,1,0
BRDA:43,5,0,0
BRDA:43,5,1,0
BRDA:57,6,0,0
BRDA:57,6,1,0
BRDA:61,7,0,0
BRDA:61,7,1,0
BRDA:74,8,0,0
BRDA:74,8,1,0
BRDA:76,9,0,0
BRDA:76,9,1,0
BRDA:83,10,0,0
BRDA:83,10,1,0
BRDA:104,11,0,0
BRDA:104,11,1,0
BRDA:106,12,0,0
BRDA:106,12,1,0
BRDA:165,13,0,0
BRDA:165,13,1,0
BRDA:169,14,0,0
BRDA:169,14,1,0
BRDA:173,15,0,0
BRDA:173,15,1,0
BRDA:178,16,0,0
BRDA:178,16,1,0
BRDA:193,17,0,0
BRDA:193,17,1,0
BRF:36
BRH:0
end_of_record
TN:
SF:src/components/TestSdrPlaygroundPanel.tsx
FN:3,(anonymous_0)
FN:20,(anonymous_1)
FN:62,(anonymous_2)
FN:71,(anonymous_3)
FN:82,(anonymous_4)
FN:91,(anonymous_5)
FN:103,(anonymous_6)
FN:112,(anonymous_7)
FN:121,(anonymous_8)
FN:130,(anonymous_9)
FNF:10
FNH:0
FNDA:0,(anonymous_0)
FNDA:0,(anonymous_1)
FNDA:0,(anonymous_2)
FNDA:0,(anonymous_3)
FNDA:0,(anonymous_4)
FNDA:0,(anonymous_5)
FNDA:0,(anonymous_6)
FNDA:0,(anonymous_7)
FNDA:0,(anonymous_8)
FNDA:0,(anonymous_9)
DA:3,0
DA:4,0
DA:5,0
DA:6,0
DA:7,0
DA:9,0
DA:10,0
DA:11,0
DA:12,0
DA:16,0
DA:17,0
DA:18,0
DA:20,0
DA:21,0
DA:22,0
DA:23,0
DA:25,0
DA:26,0
DA:39,0
DA:40,0
DA:41,0
DA:44,0
DA:46,0
DA:48,0
DA:52,0
DA:62,0
DA:71,0
DA:82,0
DA:91,0
DA:103,0
DA:112,0
DA:121,0
DA:130,0
LF:33
LH:0
BRDA:40,0,0,0
BRDA:40,0,1,0
BRDA:41,1,0,0
BRDA:41,1,1,0
BRDA:44,2,0,0
BRDA:44,2,1,0
BRDA:46,3,0,0
BRDA:46,3,1,0
BRDA:82,4,0,0
BRDA:82,4,1,0
BRDA:91,5,0,0
BRDA:91,5,1,0
BRDA:139,6,0,0
BRDA:139,6,1,0
BRDA:145,7,0,0
BRDA:145,7,1,0
BRDA:146,8,0,0
BRDA:146,8,1,0
BRF:18
BRH:0
end_of_record
TN:
SF:src/components/VideoAgentPanel.tsx
FN:11,(anonymous_0)
FN:19,(anonymous_1)
FN:100,(anonymous_2)
FN:125,(anonymous_3)
FN:150,(anonymous_4)
FNF:5
FNH:0
FNDA:0,(anonymous_0)
FNDA:0,(anonymous_1)
FNDA:0,(anonymous_2)
FNDA:0,(anonymous_3)
FNDA:0,(anonymous_4)
DA:11,0
DA:12,0
DA:13,0
DA:14,0
DA:15,0
DA:16,0
DA:17,0
DA:19,0
DA:20,0
DA:21,0
DA:23,0
DA:24,0
DA:25,0
DA:27,0
DA:28,0
DA:29,0
DA:32,0
DA:33,0
DA:34,0
DA:40,0
DA:41,0
DA:42,0
DA:45,0
DA:46,0
DA:48,0
DA:49,0
DA:51,0
DA:55,0
DA:100,0
DA:125,0
DA:150,0
LF:31
LH:0
BRDA:23,0,0,0
BRDA:23,0,1,0
BRDA:27,1,0,0
BRDA:27,1,1,0
BRDA:40,2,0,0
BRDA:40,2,1,0
BRDA:42,3,0,0
BRDA:42,3,1,0
BRDA:49,4,0,0
BRDA:49,4,1,0
BRDA:72,5,0,0
BRDA:72,5,1,0
BRDA:176,6,0,0
BRDA:176,6,1,0
BRDA:180,7,0,0
BRDA:180,7,1,0
BRDA:184,8,0,0
BRDA:184,8,1,0
BRDA:187,9,0,0
BRDA:187,9,1,0
BRDA:208,10,0,0
BRDA:208,10,1,0
BRDA:218,11,0,0
BRDA:218,11,1,0
BRDA:241,12,0,0
BRDA:241,12,1,0
BRF:26
BRH:0
end_of_record
TN:
SF:src/components/VoiceAgentPanel.tsx
FN:10,(anonymous_0)
FN:17,(anonymous_1)
FN:98,(anonymous_2)
FN:123,(anonymous_3)
FNF:4
FNH:0
FNDA:0,(anonymous_0)
FNDA:0,(anonymous_1)
FNDA:0,(anonymous_2)
FNDA:0,(anonymous_3)
DA:10,0
DA:11,0
DA:12,0
DA:13,0
DA:14,0
DA:15,0
DA:17,0
DA:18,0
DA:19,0
DA:21,0
DA:22,0
DA:23,0
DA:25,0
DA:26,0
DA:27,0
DA:30,0
DA:31,0
DA:32,0
DA:38,0
DA:39,0
DA:40,0
DA:43,0
DA:44,0
DA:46,0
DA:47,0
DA:49,0
DA:53,0
DA:98,0
DA:123,0
LF:29
LH:0
BRDA:21,0,0,0
BRDA:21,0,1,0
BRDA:25,1,0,0
BRDA:25,1,1,0
BRDA:38,2,0,0
BRDA:38,2,1,0
BRDA:40,3,0,0
BRDA:40,3,1,0
BRDA:47,4,0,0
BRDA:47,4,1,0
BRDA:70,5,0,0
BRDA:70,5,1,0
BRDA:147,6,0,0
BRDA:147,6,1,0
BRDA:151,7,0,0
BRDA:151,7,1,0
BRDA:155,8,0,0
BRDA:155,8,1,0
BRDA:158,9,0,0
BRDA:158,9,1,0
BRDA:179,10,0,0
BRDA:179,10,1,0
BRDA:185,11,0,0
BRDA:185,11,1,0
BRF:24
BRH:0
end_of_record
TN:
SF:src/components/DealDetailView/DealDetailActions.tsx
FN:10,(anonymous_0)
FN:24,(anonymous_1)
FN:116,(anonymous_2)
FNF:3
FNH:0
FNDA:0,(anonymous_0)
FNDA:0,(anonymous_1)
FNDA:0,(anonymous_2)
DA:10,0
DA:24,0
DA:25,0
DA:26,0
DA:27,0
DA:29,0
DA:32,0
DA:35,0
DA:37,0
DA:41,0
DA:42,0
DA:46,0
DA:47,0
DA:51,0
DA:52,0
DA:53,0
DA:54,0
DA:58,0
DA:59,0
DA:62,0
DA:66,0
DA:67,0
DA:116,0
LF:23
LH:0
BRDA:21,0,0,0
BRDA:26,1,0,0
BRDA:26,1,1,0
BRDA:35,2,0,0
BRDA:35,2,1,0
BRDA:35,3,0,0
BRDA:35,3,1,0
BRDA:35,4,0,0
BRDA:35,4,1,0
BRDA:35,5,0,0
BRDA:35,5,1,0
BRDA:36,6,0,0
BRDA:36,6,1,0
BRDA:36,7,0,0
BRDA:36,7,1,0
BRDA:36,8,0,0
BRDA:36,8,1,0
BRDA:36,9,0,0
BRDA:36,9,1,0
BRDA:41,10,0,0
BRDA:41,10,1,0
BRDA:46,11,0,0
BRDA:46,11,1,0
BRDA:46,12,0,0
BRDA:46,12,1,0
BRDA:46,13,0,0
BRDA:46,13,1,0
BRDA:51,14,0,0
BRDA:51,14,1,0
BRDA:53,15,0,0
BRDA:53,15,1,0
BRDA:58,16,0,0
BRDA:58,16,1,0
BRDA:71,17,0,0
BRDA:71,17,1,0
BRDA:76,18,0,0
BRDA:76,18,1,0
BRDA:77,19,0,0
BRDA:77,19,1,0
BRDA:90,20,0,0
BRDA:90,20,1,0
BRDA:133,21,0,0
BRDA:133,21,1,0
BRDA:133,21,2,0
BRF:44
BRH:0
end_of_record
TN:
SF:src/components/DealDetailView/DealDetailModal.tsx
FN:25,(anonymous_0)
FN:55,(anonymous_1)
FN:56,(anonymous_2)
FN:60,(anonymous_3)
FN:65,(anonymous_4)
FN:67,(anonymous_5)
FN:75,(anonymous_6)
FN:89,(anonymous_7)
FN:104,(anonymous_8)
FN:116,(anonymous_9)
FN:120,(anonymous_10)
FN:124,(anonymous_11)
FN:148,(anonymous_12)
FN:162,(anonymous_13)
FN:186,(anonymous_14)
FN:212,(anonymous_15)
FN:239,(anonymous_16)
FN:260,(anonymous_17)
FN:270,(anonymous_18)
FN:279,(anonymous_19)
FN:310,(anonymous_20)
FN:345,(anonymous_21)
FN:368,(anonymous_22)
FN:379,(anonymous_23)
FN:386,(anonymous_24)
FN:400,(anonymous_25)
FN:419,(anonymous_26)
FN:428,(anonymous_27)
FN:441,(anonymous_28)
FN:472,(anonymous_29)
FN:515,(anonymous_30)
FN:526,(anonymous_31)
FN:547,(anonymous_32)
FN:558,(anonymous_33)
FN:579,(anonymous_34)
FN:590,(anonymous_35)
FN:611,(anonymous_36)
FN:622,(anonymous_37)
FN:715,(anonymous_38)
FN:723,(anonymous_39)
FN:746,(anonymous_40)
FN:747,(anonymous_41)
FN:756,(anonymous_42)
FN:765,(anonymous_43)
FN:767,(anonymous_44)
FN:771,(anonymous_45)
FN:776,(anonymous_46)
FN:790,(anonymous_47)
FNF:48
FNH:0
FNDA:0,(anonymous_0)
FNDA:0,(anonymous_1)
FNDA:0,(anonymous_2)
FNDA:0,(anonymous_3)
FNDA:0,(anonymous_4)
FNDA:0,(anonymous_5)
FNDA:0,(anonymous_6)
FNDA:0,(anonymous_7)
FNDA:0,(anonymous_8)
FNDA:0,(anonymous_9)
FNDA:0,(anonymous_10)
FNDA:0,(anonymous_11)
FNDA:0,(anonymous_12)
FNDA:0,(anonymous_13)
FNDA:0,(anonymous_14)
FNDA:0,(anonymous_15)
FNDA:0,(anonymous_16)
FNDA:0,(anonymous_17)
FNDA:0,(anonymous_18)
FNDA:0,(anonymous_19)
FNDA:0,(anonymous_20)
FNDA:0,(anonymous_21)
FNDA:0,(anonymous_22)
FNDA:0,(anonymous_23)
FNDA:0,(anonymous_24)
FNDA:0,(anonymous_25)
FNDA:0,(anonymous_26)
FNDA:0,(anonymous_27)
FNDA:0,(anonymous_28)
FNDA:0,(anonymous_29)
FNDA:0,(anonymous_30)
FNDA:0,(anonymous_31)
FNDA:0,(anonymous_32)
FNDA:0,(anonymous_33)
FNDA:0,(anonymous_34)
FNDA:0,(anonymous_35)
FNDA:0,(anonymous_36)
FNDA:0,(anonymous_37)
FNDA:0,(anonymous_38)
FNDA:0,(anonymous_39)
FNDA:0,(anonymous_40)
FNDA:0,(anonymous_41)
FNDA:0,(anonymous_42)
FNDA:0,(anonymous_43)
FNDA:0,(anonymous_44)
FNDA:0,(anonymous_45)
FNDA:0,(anonymous_46)
FNDA:0,(anonymous_47)
DA:25,0
DA:33,0
DA:34,0
DA:37,0
DA:38,0
DA:39,0
DA:40,0
DA:43,0
DA:49,0
DA:55,0
DA:56,0
DA:60,0
DA:61,0
DA:65,0
DA:66,0
DA:67,0
DA:68,0
DA:69,0
DA:70,0
DA:75,0
DA:76,0
DA:77,0
DA:78,0
DA:79,0
DA:80,0
DA:81,0
DA:83,0
DA:85,0
DA:89,0
DA:90,0
DA:91,0
DA:92,0
DA:93,0
DA:94,0
DA:95,0
DA:96,0
DA:97,0
DA:98,0
DA:99,0
DA:100,0
DA:101,0
DA:104,0
DA:105,0
DA:106,0
DA:108,0
DA:109,0
DA:111,0
DA:112,0
DA:116,0
DA:117,0
DA:120,0
DA:121,0
DA:124,0
DA:125,0
DA:127,0
DA:128,0
DA:130,0
DA:131,0
DA:132,0
DA:135,0
DA:137,0
DA:138,0
DA:141,0
DA:142,0
DA:144,0
DA:148,0
DA:149,0
DA:150,0
DA:151,0
DA:152,0
DA:153,0
DA:154,0
DA:156,0
DA:158,0
DA:162,0
DA:163,0
DA:165,0
DA:166,0
DA:167,0
DA:168,0
DA:175,0
DA:180,0
DA:182,0
DA:186,0
DA:187,0
DA:189,0
DA:190,0
DA:192,0
DA:193,0
DA:195,0
DA:196,0
DA:198,0
DA:199,0
DA:201,0
DA:202,0
DA:204,0
DA:205,0
DA:210,0
DA:211,0
DA:212,0
DA:213,0
DA:214,0
DA:217,0
DA:218,0
DA:222,0
DA:223,0
DA:226,0
DA:227,0
DA:229,0
DA:230,0
DA:233,0
DA:235,0
DA:239,0
DA:240,0
DA:242,0
DA:243,0
DA:244,0
DA:249,0
DA:250,0
DA:252,0
DA:254,0
DA:256,0
DA:260,0
DA:261,0
DA:262,0
DA:266,0
DA:267,0
DA:270,0
DA:271,0
DA:272,0
DA:276,0
DA:279,0
DA:280,0
DA:281,0
DA:287,0
DA:288,0
DA:289,0
DA:291,0
DA:292,0
DA:293,0
DA:294,0
DA:297,0
DA:298,0
DA:299,0
DA:300,0
DA:301,0
DA:303,0
DA:310,0
DA:311,0
DA:313,0
DA:314,0
DA:316,0
DA:331,0
DA:337,0
DA:339,0
DA:342,0
DA:345,0
DA:351,0
DA:354,0
DA:355,0
DA:357,0
DA:361,0
DA:364,0
DA:368,0
DA:370,0
DA:372,0
DA:379,0
DA:380,0
DA:382,0
DA:383,0
DA:386,0
DA:387,0
DA:395,0
DA:397,0
DA:401,0
DA:402,0
DA:419,0
DA:428,0
DA:441,0
DA:472,0
DA:515,0
DA:526,0
DA:547,0
DA:558,0
DA:579,0
DA:590,0
DA:611,0
DA:622,0
DA:715,0
DA:723,0
DA:746,0
DA:748,0
DA:756,0
DA:765,0
DA:768,0
DA:769,0
DA:773,0
DA:778,0
DA:790,0
LF:199
LH:0
BRDA:51,0,0,0
BRDA:51,0,1,0
BRDA:66,1,0,0
BRDA:66,1,1,0
BRDA:68,2,0,0
BRDA:68,2,1,0
BRDA:69,3,0,0
BRDA:69,3,1,0
BRDA:125,4,0,0
BRDA:125,4,1,0
BRDA:130,5,0,0
BRDA:130,5,1,0
BRDA:133,6,0,0
BRDA:133,6,1,0
BRDA:163,7,0,0
BRDA:163,7,1,0
BRDA:169,8,0,0
BRDA:169,8,1,0
BRDA:170,9,0,0
BRDA:170,9,1,0
BRDA:171,10,0,0
BRDA:171,10,1,0
BRDA:171,11,0,0
BRDA:171,11,1,0
BRDA:171,12,0,0
BRDA:171,12,1,0
BRDA:172,13,0,0
BRDA:172,13,1,0
BRDA:172,14,0,0
BRDA:172,14,1,0
BRDA:172,15,0,0
BRDA:172,15,1,0
BRDA:177,16,0,0
BRDA:177,16,1,0
BRDA:187,17,0,0
BRDA:187,17,1,0
BRDA:195,18,0,0
BRDA:195,18,1,0
BRDA:195,19,0,0
BRDA:195,19,1,0
BRDA:198,20,0,0
BRDA:198,20,1,0
BRDA:198,21,0,0
BRDA:198,21,1,0
BRDA:201,22,0,0
BRDA:201,22,1,0
BRDA:201,23,0,0
BRDA:201,23,1,0
BRDA:204,24,0,0
BRDA:204,24,1,0
BRDA:205,25,0,0
BRDA:205,25,1,0
BRDA:210,26,0,0
BRDA:210,26,1,0
BRDA:213,27,0,0
BRDA:213,27,1,0
BRDA:213,28,0,0
BRDA:213,28,1,0
BRDA:213,29,0,0
BRDA:213,29,1,0
BRDA:213,30,0,0
BRDA:213,30,1,0
BRDA:217,31,0,0
BRDA:217,31,1,0
BRDA:222,32,0,0
BRDA:222,32,1,0
BRDA:229,33,0,0
BRDA:229,33,1,0
BRDA:240,34,0,0
BRDA:240,34,1,0
BRDA:287,35,0,0
BRDA:287,35,1,0
BRDA:317,36,0,0
BRDA:317,36,1,0
BRDA:317,37,0,0
BRDA:317,37,1,0
BRDA:322,38,0,0
BRDA:322,38,1,0
BRDA:322,39,0,0
BRDA:322,39,1,0
BRDA:323,40,0,0
BRDA:323,40,1,0
BRDA:323,41,0,0
BRDA:323,41,1,0
BRDA:324,42,0,0
BRDA:324,42,1,0
BRDA:324,43,0,0
BRDA:324,43,1,0
BRDA:325,44,0,0
BRDA:325,44,1,0
BRDA:327,45,0,0
BRDA:327,45,1,0
BRDA:327,46,0,0
BRDA:327,46,1,0
BRDA:333,47,0,0
BRDA:333,47,1,0
BRDA:333,48,0,0
BRDA:333,48,1,0
BRDA:346,49,0,0
BRDA:346,49,1,0
BRDA:354,50,0,0
BRDA:354,50,1,0
BRDA:355,51,0,0
BRDA:355,51,1,0
BRDA:375,52,0,0
BRDA:375,52,1,0
BRDA:380,53,0,0
BRDA:380,53,1,0
BRDA:395,54,0,0
BRDA:395,54,1,0
BRDA:401,55,0,0
BRDA:401,55,1,0
BRDA:448,56,0,0
BRDA:448,56,1,0
BRDA:460,57,0,0
BRDA:460,57,1,0
BRDA:462,58,0,0
BRDA:462,58,1,0
BRDA:482,59,0,0
BRDA:482,59,1,0
BRDA:488,60,0,0
BRDA:488,60,1,0
BRDA:530,61,0,0
BRDA:530,61,1,0
BRDA:562,62,0,0
BRDA:562,62,1,0
BRDA:594,63,0,0
BRDA:594,63,1,0
BRDA:626,64,0,0
BRDA:626,64,1,0
BRDA:634,65,0,0
BRDA:634,65,1,0
BRDA:640,66,0,0
BRDA:640,66,1,0
BRDA:741,67,0,0
BRDA:741,67,1,0
BRDA:741,67,2,0
BRDA:753,68,0,0
BRDA:753,68,1,0
BRDA:758,69,0,0
BRDA:758,69,1,0
BRDA:758,70,0,0
BRDA:758,70,1,0
BRDA:784,71,0,0
BRDA:784,71,1,0
BRF:145
BRH:0
end_of_record
TN:
SF:src/components/DealDetailView/DealDetailOverview.tsx
FN:5,(anonymous_0)
FN:14,(anonymous_1)
FN:23,(anonymous_2)
FN:51,(anonymous_3)
FN:102,(anonymous_4)
FN:113,(anonymous_5)
FN:125,(anonymous_6)
FNF:7
FNH:0
FNDA:0,(anonymous_0)
FNDA:0,(anonymous_1)
FNDA:0,(anonymous_2)
FNDA:0,(anonymous_3)
FNDA:0,(anonymous_4)
FNDA:0,(anonymous_5)
FNDA:0,(anonymous_6)
DA:5,0
DA:14,0
DA:15,0
DA:23,0
DA:24,0
DA:31,0
DA:34,0
DA:51,0
DA:102,0
DA:113,0
DA:125,0
LF:11
LH:0
BRDA:31,0,0,0
BRDA:31,0,1,0
BRDA:58,1,0,0
BRDA:58,1,1,0
BRDA:67,2,0,0
BRDA:67,2,1,0
BRDA:83,3,0,0
BRDA:83,3,1,0
BRDA:109,4,0,0
BRDA:109,4,1,0
BRDA:112,5,0,0
BRDA:112,5,1,0
BRDA:135,6,0,0
BRDA:135,6,1,0
BRF:14
BRH:0
end_of_record
TN:
SF:src/components/DealDetailView/DealDetailSidebar.tsx
FN:6,(anonymous_0)
FN:19,(anonymous_1)
FN:28,(anonymous_2)
FN:39,(anonymous_3)
FN:94,(anonymous_4)
FN:144,(anonymous_5)
FN:152,(anonymous_6)
FNF:7
FNH:0
FNDA:0,(anonymous_0)
[...]
BRDA:328,24,0,0
BRDA:328,24,1,0
BRDA:337,25,0,0
BRDA:337,25,1,0
BRDA:337,26,0,0
BRDA:337,26,1,0
BRDA:343,27,0,0
BRDA:343,27,1,0
BRDA:353,28,0,0
BRDA:353,28,1,0
BRDA:357,29,0,0
BRDA:357,29,1,0
BRDA:366,30,0,0
BRDA:366,30,1,0
BRDA:366,31,0,0
BRDA:366,31,1,0
BRDA:372,32,0,0
BRDA:372,32,1,0
BRDA:381,33,0,0
BRDA:381,33,1,0
BRDA:385,34,0,0
BRDA:385,34,1,0
BRDA:385,35,0,0
BRDA:385,35,1,0
BRDA:385,36,0,0
BRDA:385,36,1,0
BRDA:386,37,0,0
BRDA:386,37,1,0
BRDA:394,38,0,0
BRDA:394,38,1,0
BRDA:394,39,0,0
BRDA:394,39,1,0
BRDA:400,40,0,0
BRDA:400,40,1,0
BRDA:414,41,0,0
BRDA:414,41,1,0
BRDA:434,42,0,0
BRDA:434,42,1,0
BRDA:444,43,0,0
BRDA:444,43,1,0
BRDA:460,44,0,0
BRDA:460,44,1,0
BRDA:471,45,0,0
BRDA:471,45,1,0
BRDA:472,46,0,0
BRDA:472,46,1,0
BRDA:492,47,0,0
BRDA:492,47,1,0
BRDA:492,48,0,0
BRDA:492,48,1,0
BRDA:501,49,0,0
BRDA:501,49,1,0
BRDA:501,50,0,0
BRDA:501,50,1,0
BRDA:506,51,0,0
BRDA:506,51,1,0
BRDA:531,52,0,0
BRDA:531,52,1,0
BRDA:531,53,0,0
BRDA:531,53,1,0
BRDA:546,54,0,0
BRDA:546,54,1,0
BRDA:555,55,0,0
BRDA:555,55,1,0
BRDA:555,56,0,0
BRDA:555,56,1,0
BRDA:565,57,0,0
BRDA:565,57,1,0
BRDA:569,58,0,0
BRDA:569,58,1,0
BRDA:575,59,0,0
BRDA:575,59,1,0
BRDA:576,60,0,0
BRDA:576,60,1,0
BRDA:592,61,0,0
BRDA:592,61,1,0
BRDA:592,62,0,0
BRDA:592,62,1,0
BRDA:606,63,0,0
BRDA:606,63,1,0
BRDA:627,64,0,0
BRDA:627,64,1,0
BRDA:627,65,0,0
BRDA:627,65,1,0
BRDA:640,66,0,0
BRDA:640,66,1,0
BRDA:648,67,0,0
BRDA:649,68,0,0
BRDA:649,68,1,0
BRDA:649,69,0,0
BRDA:649,69,1,0
BRDA:659,70,0,0
BRDA:659,70,1,0
BRDA:665,71,0,0
BRDA:665,71,1,0
BRDA:666,72,0,0
BRDA:666,72,1,0
BRDA:675,73,0,0
BRDA:675,73,1,0
BRDA:675,74,0,0
BRDA:675,74,1,0
BRDA:683,75,0,0
BRDA:683,75,1,0
BRDA:693,76,0,0
BRDA:693,76,1,0
BRDA:701,77,0,0
BRDA:701,77,1,0
BRDA:705,78,0,0
BRDA:705,78,1,0
BRDA:705,79,0,0
BRDA:705,79,1,0
BRDA:713,80,0,0
BRDA:713,80,1,0
BRDA:713,81,0,0
BRDA:713,81,1,0
BRDA:724,82,0,0
BRDA:724,82,1,0
BRDA:727,83,0,0
BRDA:727,83,1,0
BRDA:730,84,0,0
BRDA:730,84,1,0
BRDA:739,85,0,0
BRDA:739,85,1,0
BRDA:739,86,0,0
BRDA:739,86,1,0
BRDA:750,87,0,0
BRDA:750,87,1,0
BRDA:757,88,0,0
BRDA:757,88,1,0
BRDA:770,89,0,0
BRDA:770,89,1,0
BRF:179
BRH:0
end_of_record
TN:
SF:src/services/voiceAssistantService.ts
FN:36,(anonymous_0)
FN:40,(anonymous_1)
FN:62,(anonymous_2)
FN:98,(anonymous_3)
FN:128,(anonymous_4)
FN:147,(anonymous_5)
FN:168,(anonymous_6)
FN:214,(anonymous_7)
FN:215,(anonymous_8)
FN:219,(anonymous_9)
FN:228,(anonymous_10)
FN:232,(anonymous_11)
FN:243,(anonymous_12)
FN:292,(anonymous_13)
FN:335,(anonymous_14)
FN:367,(anonymous_15)
FN:1347,(anonymous_16)
FN:1354,(anonymous_17)
FN:1358,(anonymous_18)
FN:1362,(anonymous_19)
FN:1364,(anonymous_20)
FN:1374,(anonymous_21)
FN:1381,(anonymous_22)
FN:1391,(anonymous_23)
FN:1392,(anonymous_24)
FN:1395,(anonymous_25)
FN:1399,(anonymous_26)
FN:1407,(anonymous_27)
FNF:28
FNH:0
FNDA:0,(anonymous_0)
FNDA:0,(anonymous_1)
FNDA:0,(anonymous_2)
FNDA:0,(anonymous_3)
FNDA:0,(anonymous_4)
FNDA:0,(anonymous_5)
FNDA:0,(anonymous_6)
FNDA:0,(anonymous_7)
FNDA:0,(anonymous_8)
FNDA:0,(anonymous_9)
FNDA:0,(anonymous_10)
FNDA:0,(anonymous_11)
FNDA:0,(anonymous_12)
FNDA:0,(anonymous_13)
FNDA:0,(anonymous_14)
FNDA:0,(anonymous_15)
FNDA:0,(anonymous_16)
FNDA:0,(anonymous_17)
FNDA:0,(anonymous_18)
FNDA:0,(anonymous_19)
FNDA:0,(anonymous_20)
FNDA:0,(anonymous_21)
FNDA:0,(anonymous_22)
FNDA:0,(anonymous_23)
FNDA:0,(anonymous_24)
FNDA:0,(anonymous_25)
FNDA:0,(anonymous_26)
FNDA:0,(anonymous_27)
DA:31,0
DA:32,0
DA:33,0
DA:34,0
DA:37,0
DA:41,0
DA:43,0
DA:44,0
DA:45,0
DA:49,0
DA:50,0
DA:51,0
DA:52,0
DA:55,0
DA:56,0
DA:58,0
DA:63,0
DA:64,0
DA:67,0
DA:68,0
DA:74,0
DA:76,0
DA:85,0
DA:88,0
DA:89,0
DA:92,0
DA:95,0
DA:98,0
DA:99,0
DA:103,0
DA:104,0
DA:106,0
DA:107,0
DA:109,0
DA:110,0
DA:112,0
DA:118,0
DA:119,0
DA:122,0
DA:123,0
DA:124,0
DA:129,0
DA:130,0
DA:132,0
DA:133,0
DA:136,0
DA:137,0
DA:141,0
DA:142,0
DA:146,0
DA:147,0
DA:151,0
DA:152,0
DA:155,0
DA:161,0
DA:164,0
DA:169,0
DA:171,0
DA:173,0
DA:174,0
DA:177,0
DA:198,0
DA:199,0
DA:202,0
DA:203,0
DA:209,0
DA:210,0
DA:215,0
DA:216,0
DA:219,0
DA:220,0
DA:221,0
DA:222,0
DA:224,0
DA:228,0
DA:229,0
DA:232,0
DA:233,0
DA:234,0
DA:244,0
DA:246,0
DA:247,0
DA:250,0
DA:251,0
DA:254,0
DA:255,0
DA:258,0
DA:259,0
DA:265,0
DA:269,0
DA:273,0
DA:277,0
DA:278,0
DA:281,0
DA:282,0
DA:288,0
DA:293,0
DA:294,0
DA:295,0
DA:297,0
DA:300,0
DA:301,0
DA:314,0
DA:315,0
DA:316,0
DA:323,0
DA:331,0
DA:336,0
DA:368,0
DA:1348,0
DA:1349,0
DA:1350,0
DA:1351,0
DA:1355,0
DA:1359,0
DA:1363,0
DA:1364,0
DA:1365,0
DA:1366,0
DA:1368,0
DA:1375,0
DA:1376,0
DA:1378,0
DA:1382,0
DA:1383,0
DA:1384,0
DA:1385,0
DA:1386,0
DA:1392,0
DA:1396,0
DA:1400,0
DA:1405,0
DA:1407,0
DA:1408,0
DA:1409,0
DA:1411,0
LF:136
LH:0
BRDA:43,0,0,0
BRDA:43,0,1,0
BRDA:43,1,0,0
BRDA:43,1,1,0
BRDA:50,2,0,0
BRDA:50,2,1,0
BRDA:63,3,0,0
BRDA:63,3,1,0
BRDA:67,4,0,0
BRDA:67,4,1,0
BRDA:130,5,0,0
BRDA:130,5,1,0
BRDA:136,6,0,0
BRDA:136,6,1,0
BRDA:141,7,0,0
BRDA:141,7,1,0
BRDA:146,8,0,0
BRDA:146,8,1,0
BRDA:151,9,0,0
BRDA:151,9,1,0
BRDA:198,10,0,0
BRDA:198,10,1,0
BRDA:244,11,0,0
BRDA:244,11,1,0
BRDA:244,11,2,0
BRDA:244,11,3,0
BRDA:244,11,4,0
BRDA:244,11,5,0
BRDA:244,11,6,0
BRDA:244,11,7,0
BRDA:310,12,0,0
BRDA:310,12,1,0
BRDA:315,13,0,0
BRDA:315,13,1,0
BRDA:315,14,0,0
BRDA:315,14,1,0
BRDA:315,15,0,0
BRDA:315,15,1,0
BRDA:315,16,0,0
BRDA:315,16,1,0
BRDA:1348,17,0,0
BRDA:1348,17,1,0
BRDA:1349,18,0,0
BRDA:1349,18,1,0
BRDA:1350,19,0,0
BRDA:1350,19,1,0
BRDA:1363,20,0,0
BRDA:1363,20,1,0
BRDA:1375,21,0,0
BRDA:1375,21,1,0
BRDA:1383,22,0,0
BRDA:1383,22,1,0
BRDA:1385,23,0,0
BRDA:1385,23,1,0
BRDA:1392,24,0,0
BRDA:1392,24,1,0
BRDA:1392,25,0,0
BRDA:1392,25,1,0
BRDA:1396,26,0,0
BRDA:1396,26,1,0
BRDA:1396,27,0,0
BRDA:1396,27,1,0
BRDA:1396,28,0,0
BRDA:1396,28,1,0
BRDA:1408,29,0,0
BRDA:1408,29,1,0
BRF:66
BRH:0
end_of_record
TN:
SF:src/services/webSearchService.ts
FN:95,(anonymous_0)
FN:102,(anonymous_1)
FN:115,(anonymous_2)
FN:167,(anonymous_3)
FN:176,(anonymous_4)
FN:214,(anonymous_5)
FN:227,(anonymous_6)
FN:270,(anonymous_7)
FN:276,(anonymous_8)
FN:295,(anonymous_9)
FN:306,(anonymous_10)
FN:347,(anonymous_11)
FN:355,(anonymous_12)
FN:356,(anonymous_13)
FN:373,(anonymous_14)
FN:377,(anonymous_15)
FN:381,(anonymous_16)
FN:393,(anonymous_17)
FN:411,getAPIConfig
FN:420,(anonymous_19)
FNF:20
FNH:0
FNDA:0,(anonymous_0)
FNDA:0,(anonymous_1)
FNDA:0,(anonymous_2)
FNDA:0,(anonymous_3)
FNDA:0,(anonymous_4)
FNDA:0,(anonymous_5)
FNDA:0,(anonymous_6)
FNDA:0,(anonymous_7)
FNDA:0,(anonymous_8)
FNDA:0,(anonymous_9)
FNDA:0,(anonymous_10)
FNDA:0,(anonymous_11)
FNDA:0,(anonymous_12)
FNDA:0,(anonymous_13)
FNDA:0,(anonymous_14)
FNDA:0,(anonymous_15)
FNDA:0,(anonymous_16)
FNDA:0,(anonymous_17)
FNDA:0,getAPIConfig
FNDA:0,(anonymous_19)
DA:46,0
DA:47,0
DA:48,0
DA:51,0
DA:96,0
DA:97,0
DA:98,0
DA:99,0
DA:103,0
DA:105,0
DA:107,0
DA:109,0
DA:111,0
DA:116,0
DA:119,0
DA:123,0
DA:127,0
DA:129,0
DA:133,0
DA:136,0
DA:140,0
DA:142,0
DA:146,0
DA:149,0
DA:153,0
DA:155,0
DA:159,0
DA:161,0
DA:164,0
DA:168,0
DA:169,0
DA:170,0
DA:172,0
DA:182,0
DA:184,0
DA:186,0
DA:196,0
DA:202,0
DA:208,0
DA:209,0
DA:210,0
DA:215,0
DA:216,0
DA:219,0
DA:220,0
DA:224,0
DA:225,0
DA:227,0
DA:228,0
DA:231,0
DA:237,0
DA:238,0
DA:242,0
DA:243,0
DA:245,0
DA:246,0
DA:248,0
DA:249,0
DA:251,0
DA:255,0
DA:256,0
DA:257,0
DA:259,0
DA:260,0
DA:263,0
DA:265,0
DA:266,0
DA:271,0
DA:274,0
DA:276,0
DA:277,0
DA:278,0
DA:279,0
DA:281,0
DA:292,0
DA:301,0
DA:306,0
DA:312,0
DA:313,0
DA:314,0
DA:326,0
DA:328,0
DA:336,0
DA:337,0
DA:348,0
DA:349,0
DA:352,0
DA:353,0
DA:355,0
DA:356,0
DA:357,0
DA:358,0
DA:370,0
DA:374,0
DA:378,0
DA:385,0
DA:398,0
DA:399,0
DA:400,0
DA:403,0
DA:413,0
DA:414,0
DA:418,0
DA:420,0
DA:421,0
DA:422,0
DA:424,0
LF:107
LH:0
BRDA:97,0,0,0
BRDA:97,0,1,0
BRDA:97,1,0,0
BRDA:97,1,1,0
BRDA:97,2,0,0
BRDA:97,2,1,0
BRDA:98,3,0,0
BRDA:98,3,1,0
BRDA:98,4,0,0
BRDA:98,4,1,0
BRDA:98,5,0,0
BRDA:98,5,1,0
BRDA:103,6,0,0
BRDA:103,6,1,0
BRDA:103,6,2,0
BRDA:103,6,3,0
BRDA:119,7,0,0
BRDA:119,7,1,0
BRDA:119,8,0,0
BRDA:119,8,1,0
BRDA:119,8,2,0
BRDA:119,8,3,0
BRDA:119,8,4,0
BRDA:119,8,5,0
BRDA:119,8,6,0
BRDA:119,8,7,0
BRDA:127,9,0,0
BRDA:127,9,1,0
BRDA:127,10,0,0
BRDA:127,10,1,0
BRDA:127,10,2,0
BRDA:127,10,3,0
BRDA:133,11,0,0
BRDA:133,11,1,0
BRDA:133,12,0,0
BRDA:133,12,1,0
BRDA:133,12,2,0
BRDA:133,12,3,0
BRDA:133,12,4,0
BRDA:133,12,5,0
BRDA:140,13,0,0
BRDA:140,13,1,0
BRDA:140,14,0,0
BRDA:140,14,1,0
BRDA:140,14,2,0
BRDA:140,14,3,0
BRDA:146,15,0,0
BRDA:146,15,1,0
BRDA:146,16,0,0
BRDA:146,16,1,0
BRDA:146,16,2,0
BRDA:146,16,3,0
BRDA:146,16,4,0
BRDA:153,17,0,0
BRDA:153,17,1,0
BRDA:153,18,0,0
BRDA:153,18,1,0
BRDA:153,18,2,0
BRDA:153,18,3,0
BRDA:159,19,0,0
BRDA:159,19,1,0
BRDA:159,20,0,0
BRDA:159,20,1,0
BRDA:159,20,2,0
BRDA:180,21,0,0
BRDA:188,22,0,0
BRDA:188,22,1,0
BRDA:191,23,0,0
BRDA:191,23,1,0
BRDA:192,24,0,0
BRDA:192,24,1,0
BRDA:209,25,0,0
BRDA:209,25,1,0
BRDA:215,26,0,0
BRDA:215,26,1,0
BRDA:219,27,0,0
BRDA:219,27,1,0
BRDA:225,28,0,0
BRDA:225,28,1,0
BRDA:225,29,0,0
BRDA:225,29,1,0
BRDA:234,30,0,0
BRDA:234,30,1,0
BRDA:237,31,0,0
BRDA:237,31,1,0
BRDA:242,32,0,0
BRDA:242,32,1,0
BRDA:243,33,0,0
BRDA:243,33,1,0
BRDA:243,33,2,0
BRDA:259,34,0,0
BRDA:259,34,1,0
BRDA:260,35,0,0
BRDA:260,35,1,0
BRDA:274,36,0,0
BRDA:274,36,1,0
BRDA:274,36,2,0
BRDA:274,36,3,0
BRDA:274,37,0,0
BRDA:274,37,1,0
BRDA:274,38,0,0
BRDA:274,38,1,0
BRDA:277,39,0,0
BRDA:277,39,1,0
BRDA:284,40,0,0
BRDA:284,40,1,0
BRDA:284,40,2,0
BRDA:349,41,0,0
BRDA:349,41,1,0
BRDA:353,42,0,0
BRDA:353,42,1,0
BRDA:357,43,0,0
BRDA:357,43,1,0
BRDA:374,44,0,0
BRDA:374,44,1,0
BRDA:383,45,0,0
BRDA:396,46,0,0
BRDA:399,47,0,0
BRDA:399,47,1,0
BRDA:421,48,0,0
BRDA:421,48,1,0
BRF:121
BRH:0
end_of_record
TN:
SF:src/store/contactStore.ts
FN:33,(anonymous_0)
FN:40,(anonymous_1)
FN:63,(anonymous_2)
FN:90,(anonymous_3)
FN:102,(anonymous_4)
FN:115,(anonymous_5)
FN:134,(anonymous_6)
FN:135,(anonymous_7)
FN:148,(anonymous_8)
FN:159,(anonymous_9)
FN:160,(anonymous_10)
FN:169,(anonymous_11)
FN:174,(anonymous_12)
FN:194,(anonymous_13)
FN:203,(anonymous_14)
FN:204,(anonymous_15)
FN:217,(anonymous_16)
FN:219,(anonymous_17)
FN:227,(anonymous_18)
FN:229,(anonymous_19)
FN:235,(anonymous_20)
FN:247,(anonymous_21)
FN:249,(anonymous_22)
FN:276,(anonymous_23)
FN:280,(anonymous_24)
FN:282,(anonymous_25)
FN:302,(anonymous_26)
FNF:27
FNH:0
FNDA:0,(anonymous_0)
FNDA:0,(anonymous_1)
FNDA:0,(anonymous_2)
FNDA:0,(anonymous_3)
FNDA:0,(anonymous_4)
FNDA:0,(anonymous_5)
FNDA:0,(anonymous_6)
FNDA:0,(anonymous_7)
FNDA:0,(anonymous_8)
FNDA:0,(anonymous_9)
FNDA:0,(anonymous_10)
FNDA:0,(anonymous_11)
FNDA:0,(anonymous_12)
FNDA:0,(anonymous_13)
FNDA:0,(anonymous_14)
FNDA:0,(anonymous_15)
FNDA:0,(anonymous_16)
FNDA:0,(anonymous_17)
FNDA:0,(anonymous_18)
FNDA:0,(anonymous_19)
FNDA:0,(anonymous_20)
FNDA:0,(anonymous_21)
FNDA:0,(anonymous_22)
FNDA:0,(anonymous_23)
FNDA:0,(anonymous_24)
FNDA:0,(anonymous_25)
FNDA:0,(anonymous_26)
DA:33,0
DA:41,0
DA:42,0
DA:43,0
DA:44,0
DA:46,0
DA:53,0
DA:54,0
DA:65,0
DA:66,0
DA:67,0
DA:68,0
DA:69,0
DA:73,0
DA:85,0
DA:86,0
DA:87,0
DA:88,0
DA:90,0
DA:95,0
DA:97,0
DA:98,0
DA:104,0
DA:105,0
DA:106,0
DA:107,0
DA:108,0
DA:109,0
DA:114,0
DA:115,0
DA:116,0
DA:117,0
DA:118,0
DA:119,0
DA:120,0
DA:122,0
DA:125,0
DA:129,0
DA:130,0
DA:131,0
DA:132,0
DA:134,0
DA:136,0
DA:141,0
DA:143,0
DA:144,0
DA:149,0
DA:150,0
DA:151,0
DA:153,0
DA:154,0
DA:155,0
DA:159,0
DA:160,0
DA:164,0
DA:165,0
DA:170,0
DA:175,0
DA:176,0
DA:195,0
DA:196,0
DA:204,0
DA:205,0
DA:206,0
DA:207,0
DA:218,0
DA:219,0
DA:220,0
DA:221,0
DA:228,0
DA:229,0
DA:230,0
DA:231,0
DA:235,0
DA:237,0
DA:238,0
DA:240,0
DA:244,0
DA:248,0
DA:249,0
DA:250,0
DA:251,0
DA:254,0
DA:263,0
DA:264,0
DA:265,0
DA:266,0
DA:267,0
DA:272,0
DA:273,0
DA:277,0
DA:278,0
DA:280,0
DA:282,0
DA:302,0
DA:307,0
DA:308,0
LF:97
LH:0
BRDA:50,0,0,0
BRDA:50,0,1,0
BRDA:66,1,0,0
BRDA:66,1,1,0
BRDA:78,2,0,0
BRDA:78,2,1,0
BRDA:81,3,0,0
BRDA:81,3,1,0
BRDA:82,4,0,0
BRDA:82,4,1,0
BRDA:104,5,0,0
BRDA:104,5,1,0
BRDA:106,6,0,0
BRDA:106,6,1,0
BRDA:116,7,0,0
BRDA:116,7,1,0
BRDA:117,8,0,0
BRDA:117,8,1,0
BRDA:119,9,0,0
BRDA:119,9,1,0
BRDA:136,10,0,0
BRDA:136,10,1,0
BRDA:153,11,0,0
BRDA:153,11,1,0
BRDA:174,12,0,0
BRDA:188,13,0,0
BRDA:188,13,1,0
BRDA:188,14,0,0
BRDA:188,14,1,0
BRDA:205,15,0,0
BRDA:205,15,1,0
BRDA:205,16,0,0
BRDA:205,16,1,0
BRDA:220,17,0,0
BRDA:220,17,1,0
BRDA:230,18,0,0
BRDA:230,18,1,0
BRDA:250,19,0,0
BRDA:250,19,1,0
BRDA:256,20,0,0
BRDA:256,20,1,0
BRDA:257,21,0,0
BRDA:257,21,1,0
BRDA:263,22,0,0
BRDA:263,22,1,0
BRDA:264,23,0,0
BRDA:264,23,1,0
BRDA:265,24,0,0
BRDA:265,24,1,0
BRDA:266,25,0,0
BRDA:266,25,1,0
BRDA:267,26,0,0
BRDA:267,26,1,0
BRDA:284,27,0,0
BRDA:284,27,1,0
BRDA:285,28,0,0
BRDA:285,28,1,0
BRDA:285,28,2,0
BRDA:285,29,0,0
BRDA:285,29,1,0
BRDA:285,30,0,0
BRDA:285,30,1,0
BRDA:286,31,0,0
BRDA:286,31,1,0
BRDA:286,31,2,0
BRDA:286,32,0,0
BRDA:286,32,1,0
BRDA:286,33,0,0
BRDA:286,33,1,0
BRDA:295,34,0,0
BRDA:295,34,1,0
BRF:71
BRH:0
end_of_record
TN:
SF:src/store/dealStore.ts
FN:29,(anonymous_0)
FN:36,(anonymous_1)
FN:43,(anonymous_2)
FN:60,(anonymous_3)
FN:86,(anonymous_4)
FN:101,(anonymous_5)
FN:114,(anonymous_6)
FN:132,(anonymous_7)
FN:144,(anonymous_8)
FN:155,(anonymous_9)
FN:164,(anonymous_10)
FN:175,(anonymous_11)
FN:188,(anonymous_12)
FN:192,(anonymous_13)
FN:211,(anonymous_14)
FN:216,(anonymous_15)
FN:229,(anonymous_16)
FN:234,(anonymous_17)
FN:254,(anonymous_18)
FNF:19
FNH:0
FNDA:0,(anonymous_0)
FNDA:0,(anonymous_1)
FNDA:0,(anonymous_2)
FNDA:0,(anonymous_3)
FNDA:0,(anonymous_4)
FNDA:0,(anonymous_5)
FNDA:0,(anonymous_6)
FNDA:0,(anonymous_7)
FNDA:0,(anonymous_8)
FNDA:0,(anonymous_9)
FNDA:0,(anonymous_10)
FNDA:0,(anonymous_11)
FNDA:0,(anonymous_12)
FNDA:0,(anonymous_13)
FNDA:0,(anonymous_14)
FNDA:0,(anonymous_15)
FNDA:0,(anonymous_16)
FNDA:0,(anonymous_17)
FNDA:0,(anonymous_18)
DA:29,0
DA:37,0
DA:38,0
DA:39,0
DA:40,0
DA:43,0
DA:44,0
DA:45,0
DA:48,0
DA:50,0
DA:51,0
DA:62,0
DA:63,0
DA:64,0
DA:65,0
DA:66,0
DA:70,0
DA:78,0
DA:79,0
DA:80,0
DA:82,0
DA:83,0
DA:84,0
DA:86,0
DA:91,0
DA:93,0
DA:96,0
DA:97,0
DA:103,0
DA:104,0
DA:105,0
DA:106,0
DA:107,0
DA:108,0
DA:113,0
DA:114,0
DA:115,0
DA:116,0
DA:118,0
DA:122,0
DA:123,0
DA:126,0
DA:132,0
DA:138,0
DA:139,0
DA:140,0
DA:141,0
DA:144,0
DA:149,0
DA:151,0
DA:155,0
DA:160,0
DA:165,0
DA:166,0
DA:167,0
DA:169,0
DA:170,0
DA:171,0
DA:175,0
DA:176,0
DA:177,0
DA:183,0
DA:184,0
DA:189,0
DA:193,0
DA:194,0
DA:195,0
DA:197,0
DA:198,0
DA:199,0
DA:201,0
DA:202,0
DA:203,0
DA:204,0
DA:206,0
DA:211,0
DA:212,0
DA:213,0
DA:216,0
DA:221,0
DA:224,0
DA:225,0
DA:230,0
DA:231,0
DA:235,0
DA:236,0
DA:238,0
DA:239,0
DA:243,0
DA:244,0
DA:245,0
DA:250,0
DA:255,0
DA:256,0
LF:94
LH:0
BRDA:63,0,0,0
BRDA:63,0,1,0
BRDA:72,1,0,0
BRDA:72,1,1,0
BRDA:74,2,0,0
BRDA:74,2,1,0
BRDA:75,3,0,0
BRDA:75,3,1,0
BRDA:82,4,0,0
BRDA:82,4,1,0
BRDA:103,5,0,0
BRDA:103,5,1,0
BRDA:105,6,0,0
BRDA:105,6,1,0
BRDA:115,7,0,0
BRDA:115,7,1,0
BRDA:115,8,0,0
BRDA:115,8,1,0
BRDA:139,9,0,0
BRDA:139,9,1,0
BRDA:169,10,0,0
BRDA:169,10,1,0
BRDA:197,11,0,0
BRDA:197,11,1,0
BRDA:238,12,0,0
BRDA:238,12,1,0
BRDA:243,13,0,0
BRDA:243,13,1,0
BRDA:243,14,0,0
BRDA:243,14,1,0
BRDA:245,15,0,0
BRDA:245,15,1,0
BRDA:258,16,0,0
BRDA:258,16,1,0
BRDA:258,17,0,0
BRDA:258,17,1,0
BRF:36
BRH:0
end_of_record
TN:
SF:src/types/agent.ts
FN:6,(anonymous_0)
FN:28,(anonymous_1)
FN:35,(anonymous_2)
FN:43,(anonymous_3)
FNF:4
FNH:0
FNDA:0,(anonymous_0)
FNDA:0,(anonymous_1)
FNDA:0,(anonymous_2)
FNDA:0,(anonymous_3)
DA:6,0
DA:7,0
DA:8,0
DA:9,0
DA:10,0
DA:11,0
DA:12,0
DA:13,0
DA:14,0
DA:15,0
DA:16,0
DA:17,0
DA:18,0
DA:19,0
DA:20,0
DA:21,0
DA:22,0
DA:23,0
DA:24,0
DA:25,0
DA:28,0
DA:29,0
DA:30,0
DA:31,0
DA:32,0
DA:35,0
DA:36,0
DA:37,0
DA:38,0
DA:39,0
DA:40,0
DA:43,0
DA:44,0
DA:45,0
DA:46,0
DA:47,0
DA:48,0
DA:49,0
DA:50,0
LF:39
LH:0
BRDA:6,0,0,0
BRDA:6,0,1,0
BRDA:28,1,0,0
BRDA:28,1,1,0
BRDA:35,2,0,0
BRDA:35,2,1,0
BRDA:43,3,0,0
BRDA:43,3,1,0
BRF:8
BRH:0
end_of_record
TN:
SF:src/types/sdr-config.ts
FNF:0
FNH:0
DA:117,0
LF:1
LH:0
BRF:0
BRH:0
end_of_record
TN:
SF:src/utils/seoHelper.ts
FN:22,updateMetaTags
FN:55,updateOrCreateMetaTag
FN:67,updateCanonicalUrl
FN:148,generateStructuredData
FN:215,injectStructuredData
FNF:5
FNH:0
FNDA:0,updateMetaTags
FNDA:0,updateOrCreateMetaTag
FNDA:0,updateCanonicalUrl
FNDA:0,generateStructuredData
FNDA:0,injectStructuredData
DA:13,0
DA:23,0
DA:25,0
DA:27,0
DA:28,0
DA:30,0
DA:31,0
DA:34,0
DA:35,0
DA:36,0
DA:37,0
DA:38,0
DA:40,0
DA:41,0
DA:42,0
DA:44,0
DA:45,0
DA:48,0
DA:49,0
DA:52,0
DA:56,0
DA:58,0
DA:59,0
DA:60,0
DA:61,0
DA:64,0
DA:68,0
DA:70,0
DA:71,0
DA:72,0
DA:73,0
DA:76,0
DA:79,0
DA:149,0
DA:212,0
DA:216,0
DA:217,0
DA:219,0
DA:220,0
DA:221,0
DA:222,0
DA:223,0
DA:226,0
LF:43
LH:0
BRDA:28,0,0,0
BRDA:28,0,1,0
BRDA:30,1,0,0
BRDA:30,1,1,0
BRDA:36,2,0,0
BRDA:36,2,1,0
BRDA:37,3,0,0
BRDA:37,3,1,0
BRDA:38,4,0,0
BRDA:38,4,1,0
BRDA:42,5,0,0
BRDA:42,5,1,0
BRDA:44,6,0,0
BRDA:44,6,1,0
BRDA:48,7,0,0
BRDA:48,7,1,0
BRDA:52,8,0,0
BRDA:52,8,1,0
BRDA:58,9,0,0
BRDA:58,9,1,0
BRDA:70,10,0,0
BRDA:70,10,1,0
BRDA:198,11,0,0
BRDA:198,11,1,0
BRDA:219,12,0,0
BRDA:219,12,1,0
BRF:26
BRH:0
end_of_record
TN:
SF:src/utils/validation.ts
FN:23,(anonymous_0)
FN:38,(anonymous_1)
FN:60,(anonymous_2)
FN:84,(anonymous_3)
FN:133,(anonymous_4)
FN:176,(anonymous_5)
FN:231,(anonymous_6)
FNF:7
FNH:7
FNDA:34,(anonymous_0)
FNDA:9,(anonymous_1)
FNDA:3,(anonymous_2)
FNDA:14,(anonymous_3)
FNDA:11,(anonymous_4)
FNDA:3,(anonymous_5)
FNDA:3,(anonymous_6)
DA:23,1
DA:24,34
DA:26,34
DA:38,1
DA:39,9
DA:40,1
DA:43,8
DA:44,8
DA:46,8
DA:47,2
DA:50,6
DA:51,1
DA:54,5
DA:60,1
DA:61,3
DA:62,0
DA:65,3
DA:67,3
DA:68,3
DA:71,2
DA:72,1
DA:75,1
DA:77,1
DA:84,1
DA:95,14
DA:97,14
DA:98,1
DA:101,13
DA:102,0
DA:105,13
DA:107,13
DA:108,1
DA:111,12
DA:112,1
DA:115,11
DA:116,0
DA:119,11
DA:120,1
DA:123,10
DA:124,0
DA:127,10
DA:133,1
DA:142,11
DA:144,11
DA:145,0
DA:148,11
DA:149,0
DA:152,11
DA:154,11
DA:155,1
DA:158,10
DA:159,1
DA:162,9
DA:163,2
DA:166,7
DA:167,2
DA:170,5
DA:176,1
DA:177,3
DA:178,0
DA:181,3
DA:184,3
DA:185,3
DA:188,3
DA:189,0
DA:194,3
DA:195,3
DA:196,3
DA:197,1
DA:202,3
DA:203,3
DA:206,3
DA:207,0
DA:211,3
DA:212,1
DA:216,2
DA:231,1
DA:232,3
DA:233,0
DA:236,3
DA:239,3
DA:240,3
DA:241,3
DA:242,0
DA:246,3
DA:247,3
DA:248,3
DA:249,1
DA:253,3
DA:254,3
DA:255,3
DA:256,1
DA:260,3
DA:261,2
DA:264,1
LF:95
LH:84
BRDA:24,0,0,0
BRDA:24,0,1,34
BRDA:39,1,0,1
BRDA:39,1,1,8
BRDA:39,2,0,9
BRDA:39,2,1,8
BRDA:46,3,0,2
BRDA:46,3,1,6
BRDA:50,4,0,1
BRDA:50,4,1,5
BRDA:61,5,0,0
BRDA:61,5,1,3
BRDA:61,6,0,3
BRDA:61,6,1,3
BRDA:71,7,0,1
BRDA:71,7,1,1
BRDA:86,8,0,0
BRDA:89,9,0,12
BRDA:90,10,0,13
BRDA:91,11,0,4
BRDA:97,12,0,1
BRDA:97,12,1,13
BRDA:97,13,0,14
BRDA:97,13,1,2
BRDA:97,13,2,1
BRDA:97,13,3,1
BRDA:101,14,0,0
BRDA:101,14,1,13
BRDA:101,15,0,13
BRDA:101,15,1,0
BRDA:107,16,0,1
BRDA:107,16,1,12
BRDA:111,17,0,1
BRDA:111,17,1,11
BRDA:115,18,0,0
BRDA:115,18,1,11
BRDA:115,19,0,11
BRDA:115,19,1,0
BRDA:119,20,0,1
BRDA:119,20,1,10
BRDA:119,21,0,11
BRDA:119,21,1,1
BRDA:123,22,0,0
BRDA:123,22,1,10
BRDA:123,23,0,10
BRDA:123,23,1,0
BRDA:135,24,0,2
BRDA:142,25,0,11
BRDA:142,26,0,10
BRDA:144,27,0,0
BRDA:144,27,1,11
BRDA:144,28,0,11
BRDA:144,28,1,0
BRDA:144,28,2,0
BRDA:144,28,3,0
BRDA:148,29,0,0
BRDA:148,29,1,11
BRDA:148,30,0,11
BRDA:148,30,1,11
BRDA:148,30,2,11
BRDA:148,30,3,11
BRDA:154,31,0,1
BRDA:154,31,1,10
BRDA:158,32,0,1
BRDA:158,32,1,9
BRDA:158,33,0,10
BRDA:158,33,1,1
BRDA:162,34,0,2
BRDA:162,34,1,7
BRDA:162,35,0,9
BRDA:162,35,1,7
BRDA:166,36,0,2
BRDA:166,36,1,5
BRDA:166,37,0,7
BRDA:166,37,1,4
BRDA:177,38,0,0
BRDA:177,38,1,3
BRDA:177,39,0,3
BRDA:177,39,1,3
BRDA:184,40,0,3
BRDA:184,40,1,0
BRDA:188,41,0,0
BRDA:188,41,1,3
BRDA:194,42,0,3
BRDA:194,42,1,0
BRDA:196,43,0,1
BRDA:196,43,1,2
BRDA:202,44,0,3
BRDA:202,44,1,0
BRDA:206,45,0,0
BRDA:206,45,1,3
BRDA:211,46,0,1
BRDA:211,46,1,2
BRDA:220,47,0,2
BRDA:220,47,1,0
BRDA:221,48,0,2
BRDA:221,48,1,0
BRDA:222,49,0,2
BRDA:222,49,1,0
BRDA:223,50,0,1
BRDA:223,50,1,1
BRDA:232,51,0,0
BRDA:232,51,1,3
BRDA:232,52,0,3
BRDA:232,52,1,3
BRDA:239,53,0,3
BRDA:239,53,1,0
BRDA:241,54,0,0
BRDA:241,54,1,3
BRDA:246,55,0,3
BRDA:246,55,1,0
BRDA:248,56,0,1
BRDA:248,56,1,2
BRDA:253,57,0,3
BRDA:253,57,1,0
BRDA:255,58,0,1
BRDA:255,58,1,2
BRDA:260,59,0,2
BRDA:260,59,1,1
BRDA:268,60,0,1
BRDA:268,60,1,0
BRDA:269,61,0,1
BRDA:269,61,1,0
BRDA:270,62,0,1
BRDA:270,62,1,0
BRF:125
BRH:94
end_of_record
